{"C:\\Users\\pater\\Pyt\\Courser\\src\\app\\api\\analytics\\route.ts": {"path":"C:\\Users\\pater\\Pyt\\Courser\\src\\app\\api\\analytics\\route.ts","statementMap":{"0":{"start":{"line":7,"column":2},"end":{"line":69,"column":null}},"1":{"start":{"line":8,"column":15},"end":{"line":8,"column":null}},"2":{"start":{"line":9,"column":10},"end":{"line":9,"column":null}},"3":{"start":{"line":10,"column":4},"end":{"line":10,"column":null}},"4":{"start":{"line":10,"column":21},"end":{"line":10,"column":null}},"5":{"start":{"line":11,"column":17},"end":{"line":11,"column":null}},"6":{"start":{"line":12,"column":19},"end":{"line":12,"column":null}},"7":{"start":{"line":13,"column":4},"end":{"line":15,"column":null}},"8":{"start":{"line":14,"column":6},"end":{"line":14,"column":null}},"9":{"start":{"line":16,"column":66},"end":{"line":16,"column":null}},"10":{"start":{"line":18,"column":4},"end":{"line":20,"column":null}},"11":{"start":{"line":19,"column":6},"end":{"line":19,"column":null}},"12":{"start":{"line":22,"column":22},"end":{"line":22,"column":null}},"13":{"start":{"line":24,"column":43},"end":{"line":24,"column":null}},"14":{"start":{"line":27,"column":4},"end":{"line":51,"column":null}},"15":{"start":{"line":28,"column":23},"end":{"line":28,"column":null}},"16":{"start":{"line":29,"column":6},"end":{"line":50,"column":null}},"17":{"start":{"line":30,"column":8},"end":{"line":33,"column":null}},"18":{"start":{"line":34,"column":8},"end":{"line":34,"column":null}},"19":{"start":{"line":37,"column":21},"end":{"line":37,"column":null}},"20":{"start":{"line":38,"column":24},"end":{"line":48,"column":null}},"21":{"start":{"line":49,"column":8},"end":{"line":49,"column":null}},"22":{"start":{"line":53,"column":18},"end":{"line":63,"column":null}},"23":{"start":{"line":65,"column":4},"end":{"line":65,"column":null}},"24":{"start":{"line":67,"column":4},"end":{"line":67,"column":null}},"25":{"start":{"line":68,"column":4},"end":{"line":68,"column":null}}},"fnMap":{"0":{"name":"POST","decl":{"start":{"line":6,"column":22},"end":{"line":6,"column":27}},"loc":{"start":{"line":6,"column":49},"end":{"line":70,"column":null}},"line":6}},"branchMap":{"0":{"loc":{"start":{"line":8,"column":15},"end":{"line":8,"column":null}},"type":"binary-expr","locations":[{"start":{"line":8,"column":15},"end":{"line":8,"column":57}},{"start":{"line":8,"column":57},"end":{"line":8,"column":93}},{"start":{"line":8,"column":93},"end":{"line":8,"column":null}}],"line":8},"1":{"loc":{"start":{"line":10,"column":4},"end":{"line":10,"column":null}},"type":"if","locations":[{"start":{"line":10,"column":4},"end":{"line":10,"column":null}},{"start":{},"end":{}}],"line":10},"2":{"loc":{"start":{"line":13,"column":4},"end":{"line":15,"column":null}},"type":"if","locations":[{"start":{"line":13,"column":4},"end":{"line":15,"column":null}},{"start":{},"end":{}}],"line":13},"3":{"loc":{"start":{"line":18,"column":4},"end":{"line":20,"column":null}},"type":"if","locations":[{"start":{"line":18,"column":4},"end":{"line":20,"column":null}},{"start":{},"end":{}}],"line":18},"4":{"loc":{"start":{"line":22,"column":22},"end":{"line":22,"column":null}},"type":"binary-expr","locations":[{"start":{"line":22,"column":22},"end":{"line":22,"column":59}},{"start":{"line":22,"column":59},"end":{"line":22,"column":null}}],"line":22},"5":{"loc":{"start":{"line":27,"column":4},"end":{"line":51,"column":null}},"type":"if","locations":[{"start":{"line":27,"column":4},"end":{"line":51,"column":null}},{"start":{},"end":{}}],"line":27},"6":{"loc":{"start":{"line":29,"column":6},"end":{"line":50,"column":null}},"type":"if","locations":[{"start":{"line":29,"column":6},"end":{"line":50,"column":null}},{"start":{"line":35,"column":13},"end":{"line":50,"column":null}}],"line":29},"7":{"loc":{"start":{"line":37,"column":21},"end":{"line":37,"column":null}},"type":"cond-expr","locations":[{"start":{"line":37,"column":21},"end":{"line":37,"column":107}},{"start":{"line":37,"column":107},"end":{"line":37,"column":null}}],"line":37},"8":{"loc":{"start":{"line":37,"column":21},"end":{"line":37,"column":107}},"type":"binary-expr","locations":[{"start":{"line":37,"column":34},"end":{"line":37,"column":101}},{"start":{"line":37,"column":101},"end":{"line":37,"column":107}}],"line":37},"9":{"loc":{"start":{"line":37,"column":34},"end":{"line":37,"column":101}},"type":"cond-expr","locations":[{"start":{"line":37,"column":65},"end":{"line":37,"column":88}},{"start":{"line":37,"column":88},"end":{"line":37,"column":101}}],"line":37},"10":{"loc":{"start":{"line":43,"column":22},"end":{"line":43,"column":null}},"type":"binary-expr","locations":[{"start":{"line":43,"column":22},"end":{"line":43,"column":39}},{"start":{"line":43,"column":39},"end":{"line":43,"column":null}}],"line":43},"11":{"loc":{"start":{"line":44,"column":23},"end":{"line":44,"column":null}},"type":"binary-expr","locations":[{"start":{"line":44,"column":23},"end":{"line":44,"column":42}},{"start":{"line":44,"column":42},"end":{"line":44,"column":null}}],"line":44},"12":{"loc":{"start":{"line":45,"column":25},"end":{"line":45,"column":null}},"type":"binary-expr","locations":[{"start":{"line":45,"column":25},"end":{"line":45,"column":46}},{"start":{"line":45,"column":46},"end":{"line":45,"column":null}}],"line":45},"13":{"loc":{"start":{"line":46,"column":23},"end":{"line":46,"column":null}},"type":"binary-expr","locations":[{"start":{"line":46,"column":23},"end":{"line":46,"column":42}},{"start":{"line":46,"column":42},"end":{"line":46,"column":null}}],"line":46},"14":{"loc":{"start":{"line":57,"column":19},"end":{"line":57,"column":null}},"type":"binary-expr","locations":[{"start":{"line":57,"column":19},"end":{"line":57,"column":32}},{"start":{"line":57,"column":32},"end":{"line":57,"column":null}}],"line":57},"15":{"loc":{"start":{"line":58,"column":18},"end":{"line":58,"column":null}},"type":"cond-expr","locations":[{"start":{"line":58,"column":29},"end":{"line":58,"column":56}},{"start":{"line":58,"column":56},"end":{"line":58,"column":null}}],"line":58},"16":{"loc":{"start":{"line":59,"column":16},"end":{"line":59,"column":null}},"type":"binary-expr","locations":[{"start":{"line":59,"column":16},"end":{"line":59,"column":26}},{"start":{"line":59,"column":26},"end":{"line":59,"column":null}}],"line":59}},"s":{"0":6,"1":6,"2":6,"3":6,"4":0,"5":6,"6":6,"7":6,"8":1,"9":5,"10":5,"11":0,"12":5,"13":6,"14":6,"15":2,"16":2,"17":1,"18":1,"19":1,"20":1,"21":1,"22":5,"23":4,"24":1,"25":1},"f":{"0":6},"b":{"0":[6,6,6],"1":[0,6],"2":[1,5],"3":[0,5],"4":[5,5],"5":[2,4],"6":[1,1],"7":[1,0],"8":[1,0],"9":[0,1],"10":[1,0],"11":[1,0],"12":[1,1],"13":[1,1],"14":[5,3],"15":[2,3],"16":[6,4]},"meta":{"lastBranch":17,"lastFunction":1,"lastStatement":26,"seen":{"f:6:22:6:27":0,"s:7:2:69:Infinity":0,"s:8:15:8:Infinity":1,"b:8:15:8:57:8:57:8:93:8:93:8:Infinity":0,"s:9:10:9:Infinity":2,"b:10:4:10:Infinity:undefined:undefined:undefined:undefined":1,"s:10:4:10:Infinity":3,"s:10:21:10:Infinity":4,"s:11:17:11:Infinity":5,"s:12:19:12:Infinity":6,"b:13:4:15:Infinity:undefined:undefined:undefined:undefined":2,"s:13:4:15:Infinity":7,"s:14:6:14:Infinity":8,"s:16:66:16:Infinity":9,"b:18:4:20:Infinity:undefined:undefined:undefined:undefined":3,"s:18:4:20:Infinity":10,"s:19:6:19:Infinity":11,"s:22:22:22:Infinity":12,"b:22:22:22:59:22:59:22:Infinity":4,"s:24:43:24:Infinity":13,"b:27:4:51:Infinity:undefined:undefined:undefined:undefined":5,"s:27:4:51:Infinity":14,"s:28:23:28:Infinity":15,"b:29:6:50:Infinity:35:13:50:Infinity":6,"s:29:6:50:Infinity":16,"s:30:8:33:Infinity":17,"s:34:8:34:Infinity":18,"s:37:21:37:Infinity":19,"b:37:21:37:107:37:107:37:Infinity":7,"b:37:34:37:101:37:101:37:107":8,"b:37:65:37:88:37:88:37:101":9,"s:38:24:48:Infinity":20,"b:43:22:43:39:43:39:43:Infinity":10,"b:44:23:44:42:44:42:44:Infinity":11,"b:45:25:45:46:45:46:45:Infinity":12,"b:46:23:46:42:46:42:46:Infinity":13,"s:49:8:49:Infinity":21,"s:53:18:63:Infinity":22,"b:57:19:57:32:57:32:57:Infinity":14,"b:58:29:58:56:58:56:58:Infinity":15,"b:59:16:59:26:59:26:59:Infinity":16,"s:65:4:65:Infinity":23,"s:67:4:67:Infinity":24,"s:68:4:68:Infinity":25},"fnNames":{}}}
,"C:\\Users\\pater\\Pyt\\Courser\\src\\app\\api\\analytics\\dashboard\\route.ts": {"path":"C:\\Users\\pater\\Pyt\\Courser\\src\\app\\api\\analytics\\dashboard\\route.ts","statementMap":{"0":{"start":{"line":5,"column":2},"end":{"line":72,"column":null}},"1":{"start":{"line":6,"column":29},"end":{"line":6,"column":null}},"2":{"start":{"line":7,"column":22},"end":{"line":7,"column":null}},"3":{"start":{"line":8,"column":17},"end":{"line":8,"column":null}},"4":{"start":{"line":9,"column":18},"end":{"line":9,"column":null}},"5":{"start":{"line":11,"column":18},"end":{"line":14,"column":null}},"6":{"start":{"line":17,"column":22},"end":{"line":17,"column":null}},"7":{"start":{"line":18,"column":19},"end":{"line":18,"column":null}},"8":{"start":{"line":19,"column":22},"end":{"line":19,"column":null}},"9":{"start":{"line":20,"column":20},"end":{"line":23,"column":null}},"10":{"start":{"line":25,"column":25},"end":{"line":32,"column":null}},"11":{"start":{"line":26,"column":6},"end":{"line":31,"column":null}},"12":{"start":{"line":27,"column":18},"end":{"line":27,"column":null}},"13":{"start":{"line":28,"column":8},"end":{"line":28,"column":null}},"14":{"start":{"line":30,"column":8},"end":{"line":30,"column":null}},"15":{"start":{"line":34,"column":16},"end":{"line":34,"column":null}},"16":{"start":{"line":35,"column":23},"end":{"line":35,"column":null}},"17":{"start":{"line":36,"column":18},"end":{"line":36,"column":null}},"18":{"start":{"line":39,"column":18},"end":{"line":42,"column":null}},"19":{"start":{"line":44,"column":21},"end":{"line":44,"column":null}},"20":{"start":{"line":45,"column":4},"end":{"line":52,"column":null}},"21":{"start":{"line":46,"column":18},"end":{"line":46,"column":null}},"22":{"start":{"line":47,"column":6},"end":{"line":47,"column":null}},"23":{"start":{"line":47,"column":30},"end":{"line":47,"column":null}},"24":{"start":{"line":48,"column":19},"end":{"line":48,"column":null}},"25":{"start":{"line":49,"column":6},"end":{"line":51,"column":null}},"26":{"start":{"line":49,"column":38},"end":{"line":49,"column":null}},"27":{"start":{"line":50,"column":11},"end":{"line":51,"column":null}},"28":{"start":{"line":50,"column":44},"end":{"line":50,"column":null}},"29":{"start":{"line":51,"column":11},"end":{"line":51,"column":null}},"30":{"start":{"line":51,"column":43},"end":{"line":51,"column":null}},"31":{"start":{"line":54,"column":22},"end":{"line":57,"column":null}},"32":{"start":{"line":54,"column":78},"end":{"line":57,"column":6}},"33":{"start":{"line":59,"column":4},"end":{"line":68,"column":null}},"34":{"start":{"line":70,"column":4},"end":{"line":70,"column":null}},"35":{"start":{"line":71,"column":4},"end":{"line":71,"column":null}}},"fnMap":{"0":{"name":"GET","decl":{"start":{"line":4,"column":22},"end":{"line":4,"column":26}},"loc":{"start":{"line":4,"column":48},"end":{"line":73,"column":null}},"line":4},"1":{"name":"(anonymous_1)","decl":{"start":{"line":25,"column":33},"end":{"line":25,"column":41}},"loc":{"start":{"line":25,"column":52},"end":{"line":32,"column":7}},"line":25},"2":{"name":"(anonymous_2)","decl":{"start":{"line":54,"column":53},"end":{"line":54,"column":58}},"loc":{"start":{"line":54,"column":78},"end":{"line":57,"column":6}},"line":54}},"branchMap":{"0":{"loc":{"start":{"line":8,"column":26},"end":{"line":8,"column":58}},"type":"binary-expr","locations":[{"start":{"line":8,"column":26},"end":{"line":8,"column":54}},{"start":{"line":8,"column":54},"end":{"line":8,"column":58}}],"line":8},"1":{"loc":{"start":{"line":13,"column":10},"end":{"line":13,"column":null}},"type":"cond-expr","locations":[{"start":{"line":13,"column":22},"end":{"line":13,"column":38}},{"start":{"line":13,"column":38},"end":{"line":13,"column":null}}],"line":13},"2":{"loc":{"start":{"line":27,"column":29},"end":{"line":27,"column":47}},"type":"binary-expr","locations":[{"start":{"line":27,"column":29},"end":{"line":27,"column":43}},{"start":{"line":27,"column":43},"end":{"line":27,"column":47}}],"line":27},"3":{"loc":{"start":{"line":28,"column":22},"end":{"line":28,"column":null}},"type":"binary-expr","locations":[{"start":{"line":28,"column":22},"end":{"line":28,"column":34}},{"start":{"line":28,"column":34},"end":{"line":28,"column":null}}],"line":28},"4":{"loc":{"start":{"line":34,"column":16},"end":{"line":34,"column":null}},"type":"cond-expr","locations":[{"start":{"line":34,"column":33},"end":{"line":34,"column":61}},{"start":{"line":34,"column":61},"end":{"line":34,"column":null}}],"line":34},"5":{"loc":{"start":{"line":35,"column":23},"end":{"line":35,"column":null}},"type":"cond-expr","locations":[{"start":{"line":35,"column":37},"end":{"line":35,"column":65}},{"start":{"line":35,"column":65},"end":{"line":35,"column":null}}],"line":35},"6":{"loc":{"start":{"line":36,"column":18},"end":{"line":36,"column":null}},"type":"cond-expr","locations":[{"start":{"line":36,"column":35},"end":{"line":36,"column":66}},{"start":{"line":36,"column":66},"end":{"line":36,"column":null}}],"line":36},"7":{"loc":{"start":{"line":47,"column":6},"end":{"line":47,"column":null}},"type":"if","locations":[{"start":{"line":47,"column":6},"end":{"line":47,"column":null}},{"start":{},"end":{}}],"line":47},"8":{"loc":{"start":{"line":49,"column":6},"end":{"line":51,"column":null}},"type":"if","locations":[{"start":{"line":49,"column":6},"end":{"line":51,"column":null}},{"start":{"line":50,"column":11},"end":{"line":51,"column":null}}],"line":49},"9":{"loc":{"start":{"line":50,"column":11},"end":{"line":51,"column":null}},"type":"if","locations":[{"start":{"line":50,"column":11},"end":{"line":51,"column":null}},{"start":{"line":51,"column":11},"end":{"line":51,"column":null}}],"line":50},"10":{"loc":{"start":{"line":51,"column":11},"end":{"line":51,"column":null}},"type":"if","locations":[{"start":{"line":51,"column":11},"end":{"line":51,"column":null}},{"start":{},"end":{}}],"line":51}},"s":{"0":4,"1":4,"2":4,"3":4,"4":4,"5":4,"6":4,"7":3,"8":3,"9":3,"10":3,"11":6,"12":6,"13":6,"14":1,"15":3,"16":4,"17":4,"18":4,"19":3,"20":3,"21":4,"22":4,"23":2,"24":4,"25":4,"26":2,"27":2,"28":1,"29":1,"30":1,"31":3,"32":2,"33":3,"34":1,"35":1},"f":{"0":4,"1":6,"2":2},"b":{"0":[4,3],"1":[1,3],"2":[6,1],"3":[6,1],"4":[2,1],"5":[2,1],"6":[2,1],"7":[2,2],"8":[2,2],"9":[1,1],"10":[1,0]},"meta":{"lastBranch":11,"lastFunction":3,"lastStatement":36,"seen":{"f:4:22:4:26":0,"s:5:2:72:Infinity":0,"s:6:29:6:Infinity":1,"s:7:22:7:Infinity":2,"s:8:17:8:Infinity":3,"b:8:26:8:54:8:54:8:58":0,"s:9:18:9:Infinity":4,"s:11:18:14:Infinity":5,"b:13:22:13:38:13:38:13:Infinity":1,"s:17:22:17:Infinity":6,"s:18:19:18:Infinity":7,"s:19:22:19:Infinity":8,"s:20:20:23:Infinity":9,"s:25:25:32:Infinity":10,"f:25:33:25:41":1,"s:26:6:31:Infinity":11,"s:27:18:27:Infinity":12,"b:27:29:27:43:27:43:27:47":2,"s:28:8:28:Infinity":13,"b:28:22:28:34:28:34:28:Infinity":3,"s:30:8:30:Infinity":14,"s:34:16:34:Infinity":15,"b:34:33:34:61:34:61:34:Infinity":4,"s:35:23:35:Infinity":16,"b:35:37:35:65:35:65:35:Infinity":5,"s:36:18:36:Infinity":17,"b:36:35:36:66:36:66:36:Infinity":6,"s:39:18:42:Infinity":18,"s:44:21:44:Infinity":19,"s:45:4:52:Infinity":20,"s:46:18:46:Infinity":21,"b:47:6:47:Infinity:undefined:undefined:undefined:undefined":7,"s:47:6:47:Infinity":22,"s:47:30:47:Infinity":23,"s:48:19:48:Infinity":24,"b:49:6:51:Infinity:50:11:51:Infinity":8,"s:49:6:51:Infinity":25,"s:49:38:49:Infinity":26,"b:50:11:51:Infinity:51:11:51:Infinity":9,"s:50:11:51:Infinity":27,"s:50:44:50:Infinity":28,"b:51:11:51:Infinity:undefined:undefined:undefined:undefined":10,"s:51:11:51:Infinity":29,"s:51:43:51:Infinity":30,"s:54:22:57:Infinity":31,"f:54:53:54:58":2,"s:54:78:57:6":32,"s:59:4:68:Infinity":33,"s:70:4:70:Infinity":34,"s:71:4:71:Infinity":35},"fnNames":{}}}
,"C:\\Users\\pater\\Pyt\\Courser\\src\\app\\api\\products\\route.ts": {"path":"C:\\Users\\pater\\Pyt\\Courser\\src\\app\\api\\products\\route.ts","statementMap":{"0":{"start":{"line":6,"column":2},"end":{"line":51,"column":null}},"1":{"start":{"line":7,"column":21},"end":{"line":14,"column":null}},"2":{"start":{"line":17,"column":22},"end":{"line":42,"column":null}},"3":{"start":{"line":19,"column":26},"end":{"line":21,"column":null}},"4":{"start":{"line":22,"column":26},"end":{"line":22,"column":null}},"5":{"start":{"line":23,"column":27},"end":{"line":23,"column":null}},"6":{"start":{"line":24,"column":31},"end":{"line":24,"column":null}},"7":{"start":{"line":24,"column":59},"end":{"line":24,"column":75}},"8":{"start":{"line":26,"column":8},"end":{"line":40,"column":null}},"9":{"start":{"line":36,"column":84},"end":{"line":36,"column":92}},"10":{"start":{"line":44,"column":4},"end":{"line":44,"column":null}},"11":{"start":{"line":46,"column":4},"end":{"line":46,"column":null}},"12":{"start":{"line":47,"column":4},"end":{"line":50,"column":null}},"13":{"start":{"line":56,"column":2},"end":{"line":167,"column":null}},"14":{"start":{"line":57,"column":17},"end":{"line":57,"column":null}},"15":{"start":{"line":58,"column":161},"end":{"line":58,"column":null}},"16":{"start":{"line":60,"column":4},"end":{"line":65,"column":null}},"17":{"start":{"line":61,"column":6},"end":{"line":64,"column":null}},"18":{"start":{"line":68,"column":20},"end":{"line":150,"column":null}},"19":{"start":{"line":69,"column":16},"end":{"line":80,"column":null}},"20":{"start":{"line":83,"column":6},"end":{"line":94,"column":null}},"21":{"start":{"line":84,"column":8},"end":{"line":93,"column":null}},"22":{"start":{"line":85,"column":10},"end":{"line":92,"column":null}},"23":{"start":{"line":97,"column":6},"end":{"line":123,"column":null}},"24":{"start":{"line":98,"column":8},"end":{"line":122,"column":null}},"25":{"start":{"line":99,"column":10},"end":{"line":99,"column":null}},"26":{"start":{"line":99,"column":49},"end":{"line":99,"column":null}},"27":{"start":{"line":100,"column":10},"end":{"line":121,"column":null}},"28":{"start":{"line":101,"column":12},"end":{"line":120,"column":null}},"29":{"start":{"line":102,"column":14},"end":{"line":119,"column":null}},"30":{"start":{"line":103,"column":16},"end":{"line":118,"column":null}},"31":{"start":{"line":126,"column":6},"end":{"line":147,"column":null}},"32":{"start":{"line":127,"column":8},"end":{"line":146,"column":null}},"33":{"start":{"line":127,"column":21},"end":{"line":127,"column":24}},"34":{"start":{"line":128,"column":25},"end":{"line":128,"column":null}},"35":{"start":{"line":129,"column":10},"end":{"line":145,"column":null}},"36":{"start":{"line":130,"column":22},"end":{"line":135,"column":null}},"37":{"start":{"line":137,"column":12},"end":{"line":144,"column":null}},"38":{"start":{"line":149,"column":6},"end":{"line":149,"column":null}},"39":{"start":{"line":153,"column":4},"end":{"line":158,"column":null}},"40":{"start":{"line":154,"column":39},"end":{"line":154,"column":null}},"41":{"start":{"line":155,"column":6},"end":{"line":155,"column":null}},"42":{"start":{"line":157,"column":6},"end":{"line":157,"column":null}},"43":{"start":{"line":160,"column":4},"end":{"line":160,"column":null}},"44":{"start":{"line":162,"column":4},"end":{"line":162,"column":null}},"45":{"start":{"line":163,"column":4},"end":{"line":166,"column":null}}},"fnMap":{"0":{"name":"GET","decl":{"start":{"line":5,"column":22},"end":{"line":5,"column":28}},"loc":{"start":{"line":5,"column":28},"end":{"line":52,"column":null}},"line":5},"1":{"name":"(anonymous_1)","decl":{"start":{"line":18,"column":19},"end":{"line":18,"column":26}},"loc":{"start":{"line":18,"column":32},"end":{"line":41,"column":7}},"line":18},"2":{"name":"(anonymous_2)","decl":{"start":{"line":24,"column":40},"end":{"line":24,"column":48}},"loc":{"start":{"line":24,"column":59},"end":{"line":24,"column":75}},"line":24},"3":{"name":"(anonymous_3)","decl":{"start":{"line":36,"column":53},"end":{"line":36,"column":58}},"loc":{"start":{"line":36,"column":84},"end":{"line":36,"column":92}},"line":36},"4":{"name":"POST","decl":{"start":{"line":55,"column":22},"end":{"line":55,"column":27}},"loc":{"start":{"line":55,"column":49},"end":{"line":168,"column":null}},"line":55},"5":{"name":"(anonymous_5)","decl":{"start":{"line":68,"column":46},"end":{"line":68,"column":53}},"loc":{"start":{"line":68,"column":60},"end":{"line":150,"column":5}},"line":68}},"branchMap":{"0":{"loc":{"start":{"line":23,"column":27},"end":{"line":23,"column":null}},"type":"cond-expr","locations":[{"start":{"line":23,"column":39},"end":{"line":23,"column":94}},{"start":{"line":23,"column":94},"end":{"line":23,"column":null}}],"line":23},"1":{"loc":{"start":{"line":60,"column":4},"end":{"line":65,"column":null}},"type":"if","locations":[{"start":{"line":60,"column":4},"end":{"line":65,"column":null}},{"start":{},"end":{}}],"line":60},"2":{"loc":{"start":{"line":60,"column":8},"end":{"line":60,"column":32}},"type":"binary-expr","locations":[{"start":{"line":60,"column":8},"end":{"line":60,"column":17}},{"start":{"line":60,"column":17},"end":{"line":60,"column":32}}],"line":60},"3":{"loc":{"start":{"line":72,"column":17},"end":{"line":72,"column":null}},"type":"binary-expr","locations":[{"start":{"line":72,"column":17},"end":{"line":72,"column":26}},{"start":{"line":72,"column":26},"end":{"line":72,"column":null}}],"line":72},"4":{"loc":{"start":{"line":73,"column":20},"end":{"line":73,"column":null}},"type":"binary-expr","locations":[{"start":{"line":73,"column":20},"end":{"line":73,"column":32}},{"start":{"line":73,"column":32},"end":{"line":73,"column":null}}],"line":73},"5":{"loc":{"start":{"line":75,"column":22},"end":{"line":75,"column":null}},"type":"binary-expr","locations":[{"start":{"line":75,"column":22},"end":{"line":75,"column":36}},{"start":{"line":75,"column":36},"end":{"line":75,"column":null}}],"line":75},"6":{"loc":{"start":{"line":76,"column":26},"end":{"line":76,"column":null}},"type":"binary-expr","locations":[{"start":{"line":76,"column":26},"end":{"line":76,"column":44}},{"start":{"line":76,"column":44},"end":{"line":76,"column":null}}],"line":76},"7":{"loc":{"start":{"line":77,"column":28},"end":{"line":77,"column":null}},"type":"cond-expr","locations":[{"start":{"line":77,"column":47},"end":{"line":77,"column":82}},{"start":{"line":77,"column":82},"end":{"line":77,"column":null}}],"line":77},"8":{"loc":{"start":{"line":78,"column":28},"end":{"line":78,"column":null}},"type":"cond-expr","locations":[{"start":{"line":78,"column":47},"end":{"line":78,"column":82}},{"start":{"line":78,"column":82},"end":{"line":78,"column":null}}],"line":78},"9":{"loc":{"start":{"line":84,"column":8},"end":{"line":93,"column":null}},"type":"if","locations":[{"start":{"line":84,"column":8},"end":{"line":93,"column":null}},{"start":{},"end":{}}],"line":84},"10":{"loc":{"start":{"line":84,"column":12},"end":{"line":84,"column":66}},"type":"binary-expr","locations":[{"start":{"line":84,"column":12},"end":{"line":84,"column":43}},{"start":{"line":84,"column":43},"end":{"line":84,"column":66}}],"line":84},"11":{"loc":{"start":{"line":88,"column":22},"end":{"line":88,"column":null}},"type":"binary-expr","locations":[{"start":{"line":88,"column":22},"end":{"line":88,"column":38}},{"start":{"line":88,"column":38},"end":{"line":88,"column":null}}],"line":88},"12":{"loc":{"start":{"line":97,"column":6},"end":{"line":123,"column":null}},"type":"if","locations":[{"start":{"line":97,"column":6},"end":{"line":123,"column":null}},{"start":{},"end":{}}],"line":97},"13":{"loc":{"start":{"line":97,"column":10},"end":{"line":97,"column":76}},"type":"binary-expr","locations":[{"start":{"line":97,"column":10},"end":{"line":97,"column":34}},{"start":{"line":97,"column":34},"end":{"line":97,"column":76}}],"line":97},"14":{"loc":{"start":{"line":99,"column":10},"end":{"line":99,"column":null}},"type":"if","locations":[{"start":{"line":99,"column":10},"end":{"line":99,"column":null}},{"start":{},"end":{}}],"line":99},"15":{"loc":{"start":{"line":99,"column":26},"end":{"line":99,"column":49}},"type":"binary-expr","locations":[{"start":{"line":99,"column":26},"end":{"line":99,"column":42}},{"start":{"line":99,"column":42},"end":{"line":99,"column":49}}],"line":99},"16":{"loc":{"start":{"line":100,"column":10},"end":{"line":121,"column":null}},"type":"if","locations":[{"start":{"line":100,"column":10},"end":{"line":121,"column":null}},{"start":{},"end":{}}],"line":100},"17":{"loc":{"start":{"line":100,"column":14},"end":{"line":100,"column":65}},"type":"binary-expr","locations":[{"start":{"line":100,"column":14},"end":{"line":100,"column":46}},{"start":{"line":100,"column":46},"end":{"line":100,"column":65}}],"line":100},"18":{"loc":{"start":{"line":102,"column":14},"end":{"line":119,"column":null}},"type":"if","locations":[{"start":{"line":102,"column":14},"end":{"line":119,"column":null}},{"start":{},"end":{}}],"line":102},"19":{"loc":{"start":{"line":102,"column":18},"end":{"line":102,"column":72}},"type":"binary-expr","locations":[{"start":{"line":102,"column":18},"end":{"line":102,"column":49}},{"start":{"line":102,"column":49},"end":{"line":102,"column":72}}],"line":102},"20":{"loc":{"start":{"line":126,"column":6},"end":{"line":147,"column":null}},"type":"if","locations":[{"start":{"line":126,"column":6},"end":{"line":147,"column":null}},{"start":{},"end":{}}],"line":126},"21":{"loc":{"start":{"line":126,"column":10},"end":{"line":126,"column":45}},"type":"binary-expr","locations":[{"start":{"line":126,"column":10},"end":{"line":126,"column":21}},{"start":{"line":126,"column":21},"end":{"line":126,"column":45}}],"line":126},"22":{"loc":{"start":{"line":129,"column":10},"end":{"line":145,"column":null}},"type":"if","locations":[{"start":{"line":129,"column":10},"end":{"line":145,"column":null}},{"start":{},"end":{}}],"line":129},"23":{"loc":{"start":{"line":140,"column":24},"end":{"line":140,"column":null}},"type":"binary-expr","locations":[{"start":{"line":140,"column":24},"end":{"line":140,"column":40}},{"start":{"line":140,"column":40},"end":{"line":140,"column":null}}],"line":140},"24":{"loc":{"start":{"line":142,"column":26},"end":{"line":142,"column":null}},"type":"binary-expr","locations":[{"start":{"line":142,"column":26},"end":{"line":142,"column":45}},{"start":{"line":142,"column":45},"end":{"line":142,"column":null}}],"line":142}},"s":{"0":2,"1":2,"2":1,"3":1,"4":1,"5":1,"6":1,"7":0,"8":1,"9":2,"10":1,"11":1,"12":1,"13":6,"14":6,"15":6,"16":6,"17":2,"18":4,"19":3,"20":3,"21":4,"22":4,"23":3,"24":1,"25":2,"26":0,"27":2,"28":2,"29":2,"30":2,"31":3,"32":1,"33":1,"34":2,"35":2,"36":2,"37":2,"38":3,"39":3,"40":3,"41":3,"42":0,"43":3,"44":1,"45":1},"f":{"0":2,"1":1,"2":0,"3":2,"4":6,"5":3},"b":{"0":[1,0],"1":[2,4],"2":[6,5],"3":[3,2],"4":[3,3],"5":[3,2],"6":[3,3],"7":[0,3],"8":[0,3],"9":[4,0],"10":[4,4],"11":[4,1],"12":[1,2],"13":[3,1],"14":[0,2],"15":[2,0],"16":[2,0],"17":[2,2],"18":[2,0],"19":[2,2],"20":[1,2],"21":[3,1],"22":[2,0],"23":[2,2],"24":[2,0]},"meta":{"lastBranch":25,"lastFunction":6,"lastStatement":46,"seen":{"f:5:22:5:28":0,"s:6:2:51:Infinity":0,"s:7:21:14:Infinity":1,"s:17:22:42:Infinity":2,"f:18:19:18:26":1,"s:19:26:21:Infinity":3,"s:22:26:22:Infinity":4,"s:23:27:23:Infinity":5,"b:23:39:23:94:23:94:23:Infinity":0,"s:24:31:24:Infinity":6,"f:24:40:24:48":2,"s:24:59:24:75":7,"s:26:8:40:Infinity":8,"f:36:53:36:58":3,"s:36:84:36:92":9,"s:44:4:44:Infinity":10,"s:46:4:46:Infinity":11,"s:47:4:50:Infinity":12,"f:55:22:55:27":4,"s:56:2:167:Infinity":13,"s:57:17:57:Infinity":14,"s:58:161:58:Infinity":15,"b:60:4:65:Infinity:undefined:undefined:undefined:undefined":1,"s:60:4:65:Infinity":16,"b:60:8:60:17:60:17:60:32":2,"s:61:6:64:Infinity":17,"s:68:20:150:Infinity":18,"f:68:46:68:53":5,"s:69:16:80:Infinity":19,"b:72:17:72:26:72:26:72:Infinity":3,"b:73:20:73:32:73:32:73:Infinity":4,"b:75:22:75:36:75:36:75:Infinity":5,"b:76:26:76:44:76:44:76:Infinity":6,"b:77:47:77:82:77:82:77:Infinity":7,"b:78:47:78:82:78:82:78:Infinity":8,"s:83:6:94:Infinity":20,"b:84:8:93:Infinity:undefined:undefined:undefined:undefined":9,"s:84:8:93:Infinity":21,"b:84:12:84:43:84:43:84:66":10,"s:85:10:92:Infinity":22,"b:88:22:88:38:88:38:88:Infinity":11,"b:97:6:123:Infinity:undefined:undefined:undefined:undefined":12,"s:97:6:123:Infinity":23,"b:97:10:97:34:97:34:97:76":13,"s:98:8:122:Infinity":24,"b:99:10:99:Infinity:undefined:undefined:undefined:undefined":14,"s:99:10:99:Infinity":25,"b:99:26:99:42:99:42:99:49":15,"s:99:49:99:Infinity":26,"b:100:10:121:Infinity:undefined:undefined:undefined:undefined":16,"s:100:10:121:Infinity":27,"b:100:14:100:46:100:46:100:65":17,"s:101:12:120:Infinity":28,"b:102:14:119:Infinity:undefined:undefined:undefined:undefined":18,"s:102:14:119:Infinity":29,"b:102:18:102:49:102:49:102:72":19,"s:103:16:118:Infinity":30,"b:126:6:147:Infinity:undefined:undefined:undefined:undefined":20,"s:126:6:147:Infinity":31,"b:126:10:126:21:126:21:126:45":21,"s:127:8:146:Infinity":32,"s:127:21:127:24":33,"s:128:25:128:Infinity":34,"b:129:10:145:Infinity:undefined:undefined:undefined:undefined":22,"s:129:10:145:Infinity":35,"s:130:22:135:Infinity":36,"s:137:12:144:Infinity":37,"b:140:24:140:40:140:40:140:Infinity":23,"b:142:26:142:45:142:45:142:Infinity":24,"s:149:6:149:Infinity":38,"s:153:4:158:Infinity":39,"s:154:39:154:Infinity":40,"s:155:6:155:Infinity":41,"s:157:6:157:Infinity":42,"s:160:4:160:Infinity":43,"s:162:4:162:Infinity":44,"s:163:4:166:Infinity":45},"fnNames":{}}}
,"C:\\Users\\pater\\Pyt\\Courser\\src\\app\\api\\products\\[id]\\route.ts": {"path":"C:\\Users\\pater\\Pyt\\Courser\\src\\app\\api\\products\\[id]\\route.ts","statementMap":{"0":{"start":{"line":9,"column":17},"end":{"line":9,"column":null}},"1":{"start":{"line":11,"column":2},"end":{"line":34,"column":null}},"2":{"start":{"line":12,"column":20},"end":{"line":21,"column":null}},"3":{"start":{"line":23,"column":4},"end":{"line":25,"column":null}},"4":{"start":{"line":24,"column":6},"end":{"line":24,"column":null}},"5":{"start":{"line":27,"column":4},"end":{"line":27,"column":null}},"6":{"start":{"line":29,"column":4},"end":{"line":29,"column":null}},"7":{"start":{"line":30,"column":4},"end":{"line":33,"column":null}},"8":{"start":{"line":42,"column":17},"end":{"line":42,"column":null}},"9":{"start":{"line":44,"column":2},"end":{"line":162,"column":null}},"10":{"start":{"line":45,"column":17},"end":{"line":45,"column":null}},"11":{"start":{"line":46,"column":169},"end":{"line":46,"column":null}},"12":{"start":{"line":48,"column":20},"end":{"line":145,"column":null}},"13":{"start":{"line":50,"column":16},"end":{"line":62,"column":null}},"14":{"start":{"line":65,"column":6},"end":{"line":86,"column":null}},"15":{"start":{"line":66,"column":8},"end":{"line":85,"column":null}},"16":{"start":{"line":67,"column":10},"end":{"line":84,"column":null}},"17":{"start":{"line":68,"column":12},"end":{"line":83,"column":null}},"18":{"start":{"line":89,"column":6},"end":{"line":115,"column":null}},"19":{"start":{"line":90,"column":8},"end":{"line":114,"column":null}},"20":{"start":{"line":91,"column":10},"end":{"line":91,"column":null}},"21":{"start":{"line":91,"column":49},"end":{"line":91,"column":null}},"22":{"start":{"line":92,"column":10},"end":{"line":113,"column":null}},"23":{"start":{"line":93,"column":12},"end":{"line":112,"column":null}},"24":{"start":{"line":94,"column":14},"end":{"line":111,"column":null}},"25":{"start":{"line":95,"column":16},"end":{"line":110,"column":null}},"26":{"start":{"line":118,"column":6},"end":{"line":142,"column":null}},"27":{"start":{"line":120,"column":8},"end":{"line":120,"column":null}},"28":{"start":{"line":122,"column":8},"end":{"line":141,"column":null}},"29":{"start":{"line":122,"column":21},"end":{"line":122,"column":24}},"30":{"start":{"line":123,"column":25},"end":{"line":123,"column":null}},"31":{"start":{"line":124,"column":10},"end":{"line":140,"column":null}},"32":{"start":{"line":125,"column":22},"end":{"line":130,"column":null}},"33":{"start":{"line":132,"column":12},"end":{"line":139,"column":null}},"34":{"start":{"line":144,"column":6},"end":{"line":144,"column":null}},"35":{"start":{"line":148,"column":4},"end":{"line":153,"column":null}},"36":{"start":{"line":149,"column":39},"end":{"line":149,"column":null}},"37":{"start":{"line":150,"column":6},"end":{"line":150,"column":null}},"38":{"start":{"line":152,"column":6},"end":{"line":152,"column":null}},"39":{"start":{"line":155,"column":4},"end":{"line":155,"column":null}},"40":{"start":{"line":157,"column":4},"end":{"line":157,"column":null}},"41":{"start":{"line":158,"column":4},"end":{"line":161,"column":null}},"42":{"start":{"line":170,"column":17},"end":{"line":170,"column":null}},"43":{"start":{"line":172,"column":2},"end":{"line":181,"column":null}},"44":{"start":{"line":173,"column":4},"end":{"line":173,"column":null}},"45":{"start":{"line":174,"column":4},"end":{"line":174,"column":null}},"46":{"start":{"line":176,"column":4},"end":{"line":176,"column":null}},"47":{"start":{"line":177,"column":4},"end":{"line":180,"column":null}}},"fnMap":{"0":{"name":"GET","decl":{"start":{"line":5,"column":22},"end":{"line":5,"column":null}},"loc":{"start":{"line":8,"column":2},"end":{"line":35,"column":null}},"line":8},"1":{"name":"PUT","decl":{"start":{"line":38,"column":22},"end":{"line":38,"column":null}},"loc":{"start":{"line":41,"column":2},"end":{"line":163,"column":null}},"line":41},"2":{"name":"(anonymous_2)","decl":{"start":{"line":48,"column":46},"end":{"line":48,"column":53}},"loc":{"start":{"line":48,"column":60},"end":{"line":145,"column":5}},"line":48},"3":{"name":"DELETE","decl":{"start":{"line":166,"column":22},"end":{"line":166,"column":null}},"loc":{"start":{"line":169,"column":2},"end":{"line":182,"column":null}},"line":169}},"branchMap":{"0":{"loc":{"start":{"line":23,"column":4},"end":{"line":25,"column":null}},"type":"if","locations":[{"start":{"line":23,"column":4},"end":{"line":25,"column":null}},{"start":{},"end":{}}],"line":23},"1":{"loc":{"start":{"line":53,"column":14},"end":{"line":53,"column":null}},"type":"binary-expr","locations":[{"start":{"line":53,"column":14},"end":{"line":53,"column":22}},{"start":{"line":53,"column":22},"end":{"line":53,"column":null}}],"line":53},"2":{"loc":{"start":{"line":54,"column":14},"end":{"line":54,"column":null}},"type":"binary-expr","locations":[{"start":{"line":54,"column":14},"end":{"line":54,"column":37}},{"start":{"line":54,"column":37},"end":{"line":54,"column":null}}],"line":54},"3":{"loc":{"start":{"line":55,"column":14},"end":{"line":55,"column":null}},"type":"binary-expr","locations":[{"start":{"line":55,"column":14},"end":{"line":55,"column":40}},{"start":{"line":55,"column":40},"end":{"line":55,"column":null}}],"line":55},"4":{"loc":{"start":{"line":56,"column":14},"end":{"line":56,"column":null}},"type":"binary-expr","locations":[{"start":{"line":56,"column":14},"end":{"line":56,"column":24}},{"start":{"line":56,"column":24},"end":{"line":56,"column":null}}],"line":56},"5":{"loc":{"start":{"line":57,"column":14},"end":{"line":57,"column":null}},"type":"binary-expr","locations":[{"start":{"line":57,"column":14},"end":{"line":57,"column":28}},{"start":{"line":57,"column":28},"end":{"line":57,"column":null}}],"line":57},"6":{"loc":{"start":{"line":58,"column":14},"end":{"line":58,"column":null}},"type":"binary-expr","locations":[{"start":{"line":58,"column":14},"end":{"line":58,"column":46}},{"start":{"line":58,"column":46},"end":{"line":58,"column":null}}],"line":58},"7":{"loc":{"start":{"line":59,"column":14},"end":{"line":59,"column":null}},"type":"binary-expr","locations":[{"start":{"line":59,"column":14},"end":{"line":59,"column":48}},{"start":{"line":59,"column":48},"end":{"line":59,"column":null}}],"line":59},"8":{"loc":{"start":{"line":59,"column":68},"end":{"line":59,"column":127}},"type":"cond-expr","locations":[{"start":{"line":59,"column":87},"end":{"line":59,"column":122}},{"start":{"line":59,"column":122},"end":{"line":59,"column":127}}],"line":59},"9":{"loc":{"start":{"line":60,"column":14},"end":{"line":60,"column":null}},"type":"binary-expr","locations":[{"start":{"line":60,"column":14},"end":{"line":60,"column":48}},{"start":{"line":60,"column":48},"end":{"line":60,"column":null}}],"line":60},"10":{"loc":{"start":{"line":60,"column":68},"end":{"line":60,"column":127}},"type":"cond-expr","locations":[{"start":{"line":60,"column":87},"end":{"line":60,"column":122}},{"start":{"line":60,"column":122},"end":{"line":60,"column":127}}],"line":60},"11":{"loc":{"start":{"line":65,"column":6},"end":{"line":86,"column":null}},"type":"if","locations":[{"start":{"line":65,"column":6},"end":{"line":86,"column":null}},{"start":{},"end":{}}],"line":65},"12":{"loc":{"start":{"line":65,"column":10},"end":{"line":65,"column":60}},"type":"binary-expr","locations":[{"start":{"line":65,"column":10},"end":{"line":65,"column":26}},{"start":{"line":65,"column":26},"end":{"line":65,"column":60}}],"line":65},"13":{"loc":{"start":{"line":67,"column":10},"end":{"line":84,"column":null}},"type":"if","locations":[{"start":{"line":67,"column":10},"end":{"line":84,"column":null}},{"start":{},"end":{}}],"line":67},"14":{"loc":{"start":{"line":67,"column":14},"end":{"line":67,"column":68}},"type":"binary-expr","locations":[{"start":{"line":67,"column":14},"end":{"line":67,"column":45}},{"start":{"line":67,"column":45},"end":{"line":67,"column":68}}],"line":67},"15":{"loc":{"start":{"line":72,"column":26},"end":{"line":72,"column":null}},"type":"binary-expr","locations":[{"start":{"line":72,"column":26},"end":{"line":72,"column":42}},{"start":{"line":72,"column":42},"end":{"line":72,"column":null}}],"line":72},"16":{"loc":{"start":{"line":79,"column":24},"end":{"line":79,"column":null}},"type":"binary-expr","locations":[{"start":{"line":79,"column":24},"end":{"line":79,"column":40}},{"start":{"line":79,"column":40},"end":{"line":79,"column":null}}],"line":79},"17":{"loc":{"start":{"line":89,"column":6},"end":{"line":115,"column":null}},"type":"if","locations":[{"start":{"line":89,"column":6},"end":{"line":115,"column":null}},{"start":{},"end":{}}],"line":89},"18":{"loc":{"start":{"line":89,"column":10},"end":{"line":89,"column":76}},"type":"binary-expr","locations":[{"start":{"line":89,"column":10},"end":{"line":89,"column":34}},{"start":{"line":89,"column":34},"end":{"line":89,"column":76}}],"line":89},"19":{"loc":{"start":{"line":91,"column":10},"end":{"line":91,"column":null}},"type":"if","locations":[{"start":{"line":91,"column":10},"end":{"line":91,"column":null}},{"start":{},"end":{}}],"line":91},"20":{"loc":{"start":{"line":91,"column":26},"end":{"line":91,"column":49}},"type":"binary-expr","locations":[{"start":{"line":91,"column":26},"end":{"line":91,"column":42}},{"start":{"line":91,"column":42},"end":{"line":91,"column":49}}],"line":91},"21":{"loc":{"start":{"line":92,"column":10},"end":{"line":113,"column":null}},"type":"if","locations":[{"start":{"line":92,"column":10},"end":{"line":113,"column":null}},{"start":{},"end":{}}],"line":92},"22":{"loc":{"start":{"line":92,"column":14},"end":{"line":92,"column":65}},"type":"binary-expr","locations":[{"start":{"line":92,"column":14},"end":{"line":92,"column":46}},{"start":{"line":92,"column":46},"end":{"line":92,"column":65}}],"line":92},"23":{"loc":{"start":{"line":94,"column":14},"end":{"line":111,"column":null}},"type":"if","locations":[{"start":{"line":94,"column":14},"end":{"line":111,"column":null}},{"start":{},"end":{}}],"line":94},"24":{"loc":{"start":{"line":94,"column":18},"end":{"line":94,"column":72}},"type":"binary-expr","locations":[{"start":{"line":94,"column":18},"end":{"line":94,"column":49}},{"start":{"line":94,"column":49},"end":{"line":94,"column":72}}],"line":94},"25":{"loc":{"start":{"line":118,"column":6},"end":{"line":142,"column":null}},"type":"if","locations":[{"start":{"line":118,"column":6},"end":{"line":142,"column":null}},{"start":{},"end":{}}],"line":118},"26":{"loc":{"start":{"line":118,"column":10},"end":{"line":118,"column":45}},"type":"binary-expr","locations":[{"start":{"line":118,"column":10},"end":{"line":118,"column":21}},{"start":{"line":118,"column":21},"end":{"line":118,"column":45}}],"line":118},"27":{"loc":{"start":{"line":124,"column":10},"end":{"line":140,"column":null}},"type":"if","locations":[{"start":{"line":124,"column":10},"end":{"line":140,"column":null}},{"start":{},"end":{}}],"line":124},"28":{"loc":{"start":{"line":135,"column":24},"end":{"line":135,"column":null}},"type":"binary-expr","locations":[{"start":{"line":135,"column":24},"end":{"line":135,"column":40}},{"start":{"line":135,"column":40},"end":{"line":135,"column":null}}],"line":135},"29":{"loc":{"start":{"line":137,"column":26},"end":{"line":137,"column":null}},"type":"binary-expr","locations":[{"start":{"line":137,"column":26},"end":{"line":137,"column":45}},{"start":{"line":137,"column":45},"end":{"line":137,"column":null}}],"line":137}},"s":{"0":2,"1":2,"2":2,"3":2,"4":1,"5":1,"6":0,"7":0,"8":3,"9":3,"10":3,"11":3,"12":3,"13":3,"14":3,"15":1,"16":1,"17":1,"18":3,"19":0,"20":0,"21":0,"22":0,"23":0,"24":0,"25":0,"26":3,"27":1,"28":1,"29":1,"30":2,"31":2,"32":2,"33":2,"34":3,"35":3,"36":3,"37":3,"38":0,"39":3,"40":0,"41":0,"42":2,"43":2,"44":2,"45":1,"46":1,"47":1},"f":{"0":2,"1":3,"2":3,"3":2},"b":{"0":[1,1],"1":[3,3],"2":[3,1],"3":[3,0],"4":[3,1],"5":[3,0],"6":[3,0],"7":[3,0],"8":[0,0],"9":[3,0],"10":[0,0],"11":[1,2],"12":[3,1],"13":[1,0],"14":[1,1],"15":[1,0],"16":[1,0],"17":[0,3],"18":[3,0],"19":[0,0],"20":[0,0],"21":[0,0],"22":[0,0],"23":[0,0],"24":[0,0],"25":[1,2],"26":[3,1],"27":[2,0],"28":[2,2],"29":[2,2]},"meta":{"lastBranch":30,"lastFunction":4,"lastStatement":48,"seen":{"f:5:22:5:Infinity":0,"s:9:17:9:Infinity":0,"s:11:2:34:Infinity":1,"s:12:20:21:Infinity":2,"b:23:4:25:Infinity:undefined:undefined:undefined:undefined":0,"s:23:4:25:Infinity":3,"s:24:6:24:Infinity":4,"s:27:4:27:Infinity":5,"s:29:4:29:Infinity":6,"s:30:4:33:Infinity":7,"f:38:22:38:Infinity":1,"s:42:17:42:Infinity":8,"s:44:2:162:Infinity":9,"s:45:17:45:Infinity":10,"s:46:169:46:Infinity":11,"s:48:20:145:Infinity":12,"f:48:46:48:53":2,"s:50:16:62:Infinity":13,"b:53:14:53:22:53:22:53:Infinity":1,"b:54:14:54:37:54:37:54:Infinity":2,"b:55:14:55:40:55:40:55:Infinity":3,"b:56:14:56:24:56:24:56:Infinity":4,"b:57:14:57:28:57:28:57:Infinity":5,"b:58:14:58:46:58:46:58:Infinity":6,"b:59:14:59:48:59:48:59:Infinity":7,"b:59:87:59:122:59:122:59:127":8,"b:60:14:60:48:60:48:60:Infinity":9,"b:60:87:60:122:60:122:60:127":10,"b:65:6:86:Infinity:undefined:undefined:undefined:undefined":11,"s:65:6:86:Infinity":14,"b:65:10:65:26:65:26:65:60":12,"s:66:8:85:Infinity":15,"b:67:10:84:Infinity:undefined:undefined:undefined:undefined":13,"s:67:10:84:Infinity":16,"b:67:14:67:45:67:45:67:68":14,"s:68:12:83:Infinity":17,"b:72:26:72:42:72:42:72:Infinity":15,"b:79:24:79:40:79:40:79:Infinity":16,"b:89:6:115:Infinity:undefined:undefined:undefined:undefined":17,"s:89:6:115:Infinity":18,"b:89:10:89:34:89:34:89:76":18,"s:90:8:114:Infinity":19,"b:91:10:91:Infinity:undefined:undefined:undefined:undefined":19,"s:91:10:91:Infinity":20,"b:91:26:91:42:91:42:91:49":20,"s:91:49:91:Infinity":21,"b:92:10:113:Infinity:undefined:undefined:undefined:undefined":21,"s:92:10:113:Infinity":22,"b:92:14:92:46:92:46:92:65":22,"s:93:12:112:Infinity":23,"b:94:14:111:Infinity:undefined:undefined:undefined:undefined":23,"s:94:14:111:Infinity":24,"b:94:18:94:49:94:49:94:72":24,"s:95:16:110:Infinity":25,"b:118:6:142:Infinity:undefined:undefined:undefined:undefined":25,"s:118:6:142:Infinity":26,"b:118:10:118:21:118:21:118:45":26,"s:120:8:120:Infinity":27,"s:122:8:141:Infinity":28,"s:122:21:122:24":29,"s:123:25:123:Infinity":30,"b:124:10:140:Infinity:undefined:undefined:undefined:undefined":27,"s:124:10:140:Infinity":31,"s:125:22:130:Infinity":32,"s:132:12:139:Infinity":33,"b:135:24:135:40:135:40:135:Infinity":28,"b:137:26:137:45:137:45:137:Infinity":29,"s:144:6:144:Infinity":34,"s:148:4:153:Infinity":35,"s:149:39:149:Infinity":36,"s:150:6:150:Infinity":37,"s:152:6:152:Infinity":38,"s:155:4:155:Infinity":39,"s:157:4:157:Infinity":40,"s:158:4:161:Infinity":41,"f:166:22:166:Infinity":3,"s:170:17:170:Infinity":42,"s:172:2:181:Infinity":43,"s:173:4:173:Infinity":44,"s:174:4:174:Infinity":45,"s:176:4:176:Infinity":46,"s:177:4:180:Infinity":47},"fnNames":{}}}
,"C:\\Users\\pater\\Pyt\\Courser\\src\\lib\\env.ts": {"path":"C:\\Users\\pater\\Pyt\\Courser\\src\\lib\\env.ts","statementMap":{"0":{"start":{"line":28,"column":44},"end":{"line":166,"column":null}},"1":{"start":{"line":178,"column":45},"end":{"line":178,"column":null}},"2":{"start":{"line":184,"column":2},"end":{"line":184,"column":null}},"3":{"start":{"line":197,"column":2},"end":{"line":199,"column":null}},"4":{"start":{"line":198,"column":4},"end":{"line":198,"column":null}},"5":{"start":{"line":200,"column":2},"end":{"line":200,"column":null}},"6":{"start":{"line":200,"column":21},"end":{"line":200,"column":null}},"7":{"start":{"line":202,"column":53},"end":{"line":202,"column":null}},"8":{"start":{"line":203,"column":55},"end":{"line":203,"column":null}},"9":{"start":{"line":204,"column":36},"end":{"line":204,"column":null}},"10":{"start":{"line":205,"column":36},"end":{"line":205,"column":null}},"11":{"start":{"line":207,"column":2},"end":{"line":229,"column":null}},"12":{"start":{"line":208,"column":18},"end":{"line":208,"column":null}},"13":{"start":{"line":211,"column":4},"end":{"line":211,"column":null}},"14":{"start":{"line":211,"column":26},"end":{"line":211,"column":null}},"15":{"start":{"line":213,"column":4},"end":{"line":213,"column":null}},"16":{"start":{"line":213,"column":26},"end":{"line":213,"column":null}},"17":{"start":{"line":216,"column":4},"end":{"line":228,"column":null}},"18":{"start":{"line":217,"column":6},"end":{"line":217,"column":null}},"19":{"start":{"line":218,"column":6},"end":{"line":221,"column":null}},"20":{"start":{"line":222,"column":11},"end":{"line":228,"column":null}},"21":{"start":{"line":223,"column":6},"end":{"line":223,"column":null}},"22":{"start":{"line":224,"column":6},"end":{"line":227,"column":null}},"23":{"start":{"line":231,"column":2},"end":{"line":237,"column":null}},"24":{"start":{"line":239,"column":2},"end":{"line":239,"column":null}},"25":{"start":{"line":253,"column":19},"end":{"line":277,"column":null}},"26":{"start":{"line":257,"column":18},"end":{"line":257,"column":null}},"27":{"start":{"line":257,"column":46},"end":{"line":257,"column":60}},"28":{"start":{"line":258,"column":20},"end":{"line":258,"column":null}},"29":{"start":{"line":260,"column":6},"end":{"line":260,"column":null}},"30":{"start":{"line":260,"column":37},"end":{"line":260,"column":null}},"31":{"start":{"line":261,"column":6},"end":{"line":261,"column":null}},"32":{"start":{"line":261,"column":29},"end":{"line":261,"column":null}},"33":{"start":{"line":262,"column":6},"end":{"line":262,"column":null}},"34":{"start":{"line":262,"column":25},"end":{"line":262,"column":null}},"35":{"start":{"line":265,"column":6},"end":{"line":273,"column":null}},"36":{"start":{"line":266,"column":8},"end":{"line":271,"column":null}},"37":{"start":{"line":267,"column":10},"end":{"line":270,"column":null}},"38":{"start":{"line":272,"column":8},"end":{"line":272,"column":null}},"39":{"start":{"line":274,"column":6},"end":{"line":274,"column":null}},"40":{"start":{"line":282,"column":26},"end":{"line":282,"column":null}},"41":{"start":{"line":284,"column":2},"end":{"line":284,"column":null}},"42":{"start":{"line":285,"column":2},"end":{"line":285,"column":null}},"43":{"start":{"line":286,"column":2},"end":{"line":286,"column":null}},"44":{"start":{"line":288,"column":2},"end":{"line":290,"column":null}},"45":{"start":{"line":289,"column":4},"end":{"line":289,"column":null}},"46":{"start":{"line":292,"column":2},"end":{"line":294,"column":null}},"47":{"start":{"line":293,"column":4},"end":{"line":293,"column":null}},"48":{"start":{"line":296,"column":2},"end":{"line":298,"column":null}},"49":{"start":{"line":297,"column":4},"end":{"line":297,"column":null}},"50":{"start":{"line":300,"column":2},"end":{"line":309,"column":null}},"51":{"start":{"line":301,"column":4},"end":{"line":301,"column":null}},"52":{"start":{"line":302,"column":4},"end":{"line":302,"column":null}},"53":{"start":{"line":304,"column":4},"end":{"line":304,"column":null}},"54":{"start":{"line":305,"column":4},"end":{"line":305,"column":null}},"55":{"start":{"line":306,"column":4},"end":{"line":308,"column":null}},"56":{"start":{"line":307,"column":6},"end":{"line":307,"column":null}},"57":{"start":{"line":311,"column":2},"end":{"line":311,"column":null}},"58":{"start":{"line":319,"column":17},"end":{"line":319,"column":null}},"59":{"start":{"line":320,"column":2},"end":{"line":320,"column":null}},"60":{"start":{"line":326,"column":23},"end":{"line":326,"column":null}},"61":{"start":{"line":327,"column":0},"end":{"line":334,"column":null}},"62":{"start":{"line":329,"column":4},"end":{"line":330,"column":null}},"63":{"start":{"line":331,"column":2},"end":{"line":333,"column":null}},"64":{"start":{"line":332,"column":4},"end":{"line":332,"column":null}}},"fnMap":{"0":{"name":"resetEnvValidation","decl":{"start":{"line":183,"column":16},"end":{"line":183,"column":43}},"loc":{"start":{"line":183,"column":43},"end":{"line":185,"column":null}},"line":183},"1":{"name":"validateEnv","decl":{"start":{"line":195,"column":16},"end":{"line":195,"column":48}},"loc":{"start":{"line":195,"column":48},"end":{"line":240,"column":null}},"line":195},"2":{"name":"get","decl":{"start":{"line":256,"column":4},"end":{"line":256,"column":8}},"loc":{"start":{"line":256,"column":31},"end":{"line":275,"column":null}},"line":256},"3":{"name":"(anonymous_3)","decl":{"start":{"line":257,"column":34},"end":{"line":257,"column":40}},"loc":{"start":{"line":257,"column":46},"end":{"line":257,"column":60}},"line":257},"4":{"name":"formatEnvStatus","decl":{"start":{"line":281,"column":16},"end":{"line":281,"column":32}},"loc":{"start":{"line":281,"column":66},"end":{"line":312,"column":null}},"line":281},"5":{"name":"printEnvStatus","decl":{"start":{"line":318,"column":16},"end":{"line":318,"column":39}},"loc":{"start":{"line":318,"column":39},"end":{"line":321,"column":null}},"line":318}},"branchMap":{"0":{"loc":{"start":{"line":197,"column":2},"end":{"line":199,"column":null}},"type":"if","locations":[{"start":{"line":197,"column":2},"end":{"line":199,"column":null}},{"start":{},"end":{}}],"line":197},"1":{"loc":{"start":{"line":200,"column":2},"end":{"line":200,"column":null}},"type":"if","locations":[{"start":{"line":200,"column":2},"end":{"line":200,"column":null}},{"start":{},"end":{}}],"line":200},"2":{"loc":{"start":{"line":208,"column":18},"end":{"line":208,"column":null}},"type":"binary-expr","locations":[{"start":{"line":208,"column":18},"end":{"line":208,"column":42}},{"start":{"line":208,"column":42},"end":{"line":208,"column":null}}],"line":208},"3":{"loc":{"start":{"line":211,"column":4},"end":{"line":211,"column":null}},"type":"if","locations":[{"start":{"line":211,"column":4},"end":{"line":211,"column":null}},{"start":{},"end":{}}],"line":211},"4":{"loc":{"start":{"line":213,"column":4},"end":{"line":213,"column":null}},"type":"if","locations":[{"start":{"line":213,"column":4},"end":{"line":213,"column":null}},{"start":{},"end":{}}],"line":213},"5":{"loc":{"start":{"line":216,"column":4},"end":{"line":228,"column":null}},"type":"if","locations":[{"start":{"line":216,"column":4},"end":{"line":228,"column":null}},{"start":{"line":222,"column":11},"end":{"line":228,"column":null}}],"line":216},"6":{"loc":{"start":{"line":222,"column":11},"end":{"line":228,"column":null}},"type":"if","locations":[{"start":{"line":222,"column":11},"end":{"line":228,"column":null}},{"start":{},"end":{}}],"line":222},"7":{"loc":{"start":{"line":260,"column":6},"end":{"line":260,"column":null}},"type":"if","locations":[{"start":{"line":260,"column":6},"end":{"line":260,"column":null}},{"start":{},"end":{}}],"line":260},"8":{"loc":{"start":{"line":260,"column":10},"end":{"line":260,"column":37}},"type":"binary-expr","locations":[{"start":{"line":260,"column":10},"end":{"line":260,"column":19}},{"start":{"line":260,"column":19},"end":{"line":260,"column":37}}],"line":260},"9":{"loc":{"start":{"line":261,"column":6},"end":{"line":261,"column":null}},"type":"if","locations":[{"start":{"line":261,"column":6},"end":{"line":261,"column":null}},{"start":{},"end":{}}],"line":261},"10":{"loc":{"start":{"line":262,"column":6},"end":{"line":262,"column":null}},"type":"if","locations":[{"start":{"line":262,"column":6},"end":{"line":262,"column":null}},{"start":{},"end":{}}],"line":262},"11":{"loc":{"start":{"line":265,"column":6},"end":{"line":273,"column":null}},"type":"if","locations":[{"start":{"line":265,"column":6},"end":{"line":273,"column":null}},{"start":{},"end":{}}],"line":265},"12":{"loc":{"start":{"line":266,"column":8},"end":{"line":271,"column":null}},"type":"if","locations":[{"start":{"line":266,"column":8},"end":{"line":271,"column":null}},{"start":{},"end":{}}],"line":266},"13":{"loc":{"start":{"line":288,"column":2},"end":{"line":290,"column":null}},"type":"if","locations":[{"start":{"line":288,"column":2},"end":{"line":290,"column":null}},{"start":{},"end":{}}],"line":288},"14":{"loc":{"start":{"line":288,"column":6},"end":{"line":288,"column":52}},"type":"binary-expr","locations":[{"start":{"line":288,"column":6},"end":{"line":288,"column":22}},{"start":{"line":288,"column":22},"end":{"line":288,"column":52}}],"line":288},"15":{"loc":{"start":{"line":300,"column":2},"end":{"line":309,"column":null}},"type":"if","locations":[{"start":{"line":300,"column":2},"end":{"line":309,"column":null}},{"start":{"line":303,"column":9},"end":{"line":309,"column":null}}],"line":300},"16":{"loc":{"start":{"line":306,"column":4},"end":{"line":308,"column":null}},"type":"if","locations":[{"start":{"line":306,"column":4},"end":{"line":308,"column":null}},{"start":{},"end":{}}],"line":306},"17":{"loc":{"start":{"line":327,"column":0},"end":{"line":334,"column":null}},"type":"if","locations":[{"start":{"line":327,"column":0},"end":{"line":334,"column":null}},{"start":{},"end":{}}],"line":327},"18":{"loc":{"start":{"line":327,"column":4},"end":{"line":327,"column":65}},"type":"binary-expr","locations":[{"start":{"line":327,"column":4},"end":{"line":327,"column":29}},{"start":{"line":327,"column":29},"end":{"line":327,"column":65}}],"line":327},"19":{"loc":{"start":{"line":329,"column":4},"end":{"line":330,"column":null}},"type":"binary-expr","locations":[{"start":{"line":329,"column":4},"end":{"line":329,"column":null}},{"start":{"line":329,"column":31},"end":{"line":330,"column":null}}],"line":329},"20":{"loc":{"start":{"line":331,"column":2},"end":{"line":333,"column":null}},"type":"if","locations":[{"start":{"line":331,"column":2},"end":{"line":333,"column":null}},{"start":{},"end":{}}],"line":331}},"s":{"0":1,"1":1,"2":14,"3":5,"4":5,"5":5,"6":0,"7":5,"8":5,"9":5,"10":5,"11":5,"12":115,"13":115,"14":63,"15":52,"16":5,"17":47,"18":7,"19":7,"20":40,"21":5,"22":5,"23":5,"24":5,"25":1,"26":2,"27":25,"28":2,"29":2,"30":0,"31":2,"32":1,"33":1,"34":1,"35":0,"36":0,"37":0,"38":0,"39":0,"40":0,"41":0,"42":0,"43":0,"44":0,"45":0,"46":0,"47":0,"48":0,"49":0,"50":0,"51":0,"52":0,"53":0,"54":0,"55":0,"56":0,"57":0,"58":0,"59":0,"60":1,"61":1,"62":1,"63":1,"64":0},"f":{"0":14,"1":5,"2":2,"3":25,"4":0,"5":0},"b":{"0":[5,0],"1":[0,5],"2":[115,31],"3":[63,52],"4":[5,47],"5":[7,40],"6":[5,35],"7":[0,2],"8":[2,0],"9":[1,1],"10":[1,0],"11":[0,0],"12":[0,0],"13":[0,0],"14":[0,0],"15":[0,0],"16":[0,0],"17":[1,0],"18":[1,0],"19":[1,1],"20":[0,1]},"meta":{"lastBranch":21,"lastFunction":6,"lastStatement":65,"seen":{"s:28:44:166:Infinity":0,"s:178:45:178:Infinity":1,"f:183:16:183:43":0,"s:184:2:184:Infinity":2,"f:195:16:195:48":1,"b:197:2:199:Infinity:undefined:undefined:undefined:undefined":0,"s:197:2:199:Infinity":3,"s:198:4:198:Infinity":4,"b:200:2:200:Infinity:undefined:undefined:undefined:undefined":1,"s:200:2:200:Infinity":5,"s:200:21:200:Infinity":6,"s:202:53:202:Infinity":7,"s:203:55:203:Infinity":8,"s:204:36:204:Infinity":9,"s:205:36:205:Infinity":10,"s:207:2:229:Infinity":11,"s:208:18:208:Infinity":12,"b:208:18:208:42:208:42:208:Infinity":2,"b:211:4:211:Infinity:undefined:undefined:undefined:undefined":3,"s:211:4:211:Infinity":13,"s:211:26:211:Infinity":14,"b:213:4:213:Infinity:undefined:undefined:undefined:undefined":4,"s:213:4:213:Infinity":15,"s:213:26:213:Infinity":16,"b:216:4:228:Infinity:222:11:228:Infinity":5,"s:216:4:228:Infinity":17,"s:217:6:217:Infinity":18,"s:218:6:221:Infinity":19,"b:222:11:228:Infinity:undefined:undefined:undefined:undefined":6,"s:222:11:228:Infinity":20,"s:223:6:223:Infinity":21,"s:224:6:227:Infinity":22,"s:231:2:237:Infinity":23,"s:239:2:239:Infinity":24,"s:253:19:277:Infinity":25,"f:256:4:256:8":2,"s:257:18:257:Infinity":26,"f:257:34:257:40":3,"s:257:46:257:60":27,"s:258:20:258:Infinity":28,"b:260:6:260:Infinity:undefined:undefined:undefined:undefined":7,"s:260:6:260:Infinity":29,"b:260:10:260:19:260:19:260:37":8,"s:260:37:260:Infinity":30,"b:261:6:261:Infinity:undefined:undefined:undefined:undefined":9,"s:261:6:261:Infinity":31,"s:261:29:261:Infinity":32,"b:262:6:262:Infinity:undefined:undefined:undefined:undefined":10,"s:262:6:262:Infinity":33,"s:262:25:262:Infinity":34,"b:265:6:273:Infinity:undefined:undefined:undefined:undefined":11,"s:265:6:273:Infinity":35,"b:266:8:271:Infinity:undefined:undefined:undefined:undefined":12,"s:266:8:271:Infinity":36,"s:267:10:270:Infinity":37,"s:272:8:272:Infinity":38,"s:274:6:274:Infinity":39,"f:281:16:281:32":4,"s:282:26:282:Infinity":40,"s:284:2:284:Infinity":41,"s:285:2:285:Infinity":42,"s:286:2:286:Infinity":43,"b:288:2:290:Infinity:undefined:undefined:undefined:undefined":13,"s:288:2:290:Infinity":44,"b:288:6:288:22:288:22:288:52":14,"s:289:4:289:Infinity":45,"s:292:2:294:Infinity":46,"s:293:4:293:Infinity":47,"s:296:2:298:Infinity":48,"s:297:4:297:Infinity":49,"b:300:2:309:Infinity:303:9:309:Infinity":15,"s:300:2:309:Infinity":50,"s:301:4:301:Infinity":51,"s:302:4:302:Infinity":52,"s:304:4:304:Infinity":53,"s:305:4:305:Infinity":54,"b:306:4:308:Infinity:undefined:undefined:undefined:undefined":16,"s:306:4:308:Infinity":55,"s:307:6:307:Infinity":56,"s:311:2:311:Infinity":57,"f:318:16:318:39":5,"s:319:17:319:Infinity":58,"s:320:2:320:Infinity":59,"s:326:23:326:Infinity":60,"b:327:0:334:Infinity:undefined:undefined:undefined:undefined":17,"s:327:0:334:Infinity":61,"b:327:4:327:29:327:29:327:65":18,"s:329:4:330:Infinity":62,"b:329:4:329:Infinity:329:31:330:Infinity":19,"b:331:2:333:Infinity:undefined:undefined:undefined:undefined":20,"s:331:2:333:Infinity":63,"s:332:4:332:Infinity":64},"fnNames":{}}}
,"C:\\Users\\pater\\Pyt\\Courser\\src\\lib\\redis.ts": {"path":"C:\\Users\\pater\\Pyt\\Courser\\src\\lib\\redis.ts","statementMap":{"0":{"start":{"line":14,"column":39},"end":{"line":14,"column":null}},"1":{"start":{"line":17,"column":2},"end":{"line":17,"column":null}},"2":{"start":{"line":17,"column":28},"end":{"line":17,"column":null}},"3":{"start":{"line":19,"column":14},"end":{"line":19,"column":null}},"4":{"start":{"line":20,"column":16},"end":{"line":20,"column":null}},"5":{"start":{"line":22,"column":2},"end":{"line":28,"column":null}},"6":{"start":{"line":23,"column":4},"end":{"line":23,"column":null}},"7":{"start":{"line":24,"column":4},"end":{"line":24,"column":null}},"8":{"start":{"line":26,"column":4},"end":{"line":26,"column":null}},"9":{"start":{"line":27,"column":4},"end":{"line":27,"column":null}},"10":{"start":{"line":30,"column":2},"end":{"line":30,"column":null}},"11":{"start":{"line":33,"column":21},"end":{"line":33,"column":null}},"12":{"start":{"line":40,"column":12},"end":{"line":40,"column":null}},"13":{"start":{"line":41,"column":2},"end":{"line":41,"column":null}},"14":{"start":{"line":41,"column":10},"end":{"line":41,"column":null}},"15":{"start":{"line":42,"column":2},"end":{"line":48,"column":null}},"16":{"start":{"line":43,"column":16},"end":{"line":43,"column":null}},"17":{"start":{"line":44,"column":4},"end":{"line":44,"column":null}},"18":{"start":{"line":44,"column":43},"end":{"line":44,"column":null}},"19":{"start":{"line":45,"column":4},"end":{"line":45,"column":null}},"20":{"start":{"line":47,"column":4},"end":{"line":47,"column":null}},"21":{"start":{"line":56,"column":12},"end":{"line":56,"column":null}},"22":{"start":{"line":57,"column":2},"end":{"line":57,"column":null}},"23":{"start":{"line":57,"column":10},"end":{"line":57,"column":null}},"24":{"start":{"line":58,"column":2},"end":{"line":62,"column":null}},"25":{"start":{"line":59,"column":4},"end":{"line":59,"column":null}},"26":{"start":{"line":69,"column":12},"end":{"line":69,"column":null}},"27":{"start":{"line":70,"column":2},"end":{"line":70,"column":null}},"28":{"start":{"line":70,"column":10},"end":{"line":70,"column":null}},"29":{"start":{"line":71,"column":2},"end":{"line":75,"column":null}},"30":{"start":{"line":72,"column":4},"end":{"line":72,"column":null}},"31":{"start":{"line":91,"column":17},"end":{"line":91,"column":null}},"32":{"start":{"line":92,"column":2},"end":{"line":92,"column":null}},"33":{"start":{"line":92,"column":23},"end":{"line":92,"column":null}},"34":{"start":{"line":94,"column":17},"end":{"line":94,"column":null}},"35":{"start":{"line":95,"column":2},"end":{"line":95,"column":null}},"36":{"start":{"line":96,"column":2},"end":{"line":96,"column":null}}},"fnMap":{"0":{"name":"getRedis","decl":{"start":{"line":16,"column":9},"end":{"line":16,"column":34}},"loc":{"start":{"line":16,"column":34},"end":{"line":31,"column":null}},"line":16},"1":{"name":"cacheGet","decl":{"start":{"line":39,"column":22},"end":{"line":39,"column":44}},"loc":{"start":{"line":39,"column":76},"end":{"line":49,"column":null}},"line":39},"2":{"name":"cacheSet","decl":{"start":{"line":55,"column":22},"end":{"line":55,"column":31}},"loc":{"start":{"line":55,"column":110},"end":{"line":63,"column":null}},"line":55},"3":{"name":"cacheDel","decl":{"start":{"line":68,"column":22},"end":{"line":68,"column":31}},"loc":{"start":{"line":68,"column":59},"end":{"line":76,"column":null}},"line":68},"4":{"name":"cacheWrap","decl":{"start":{"line":86,"column":22},"end":{"line":86,"column":null}},"loc":{"start":{"line":90,"column":14},"end":{"line":97,"column":null}},"line":90}},"branchMap":{"0":{"loc":{"start":{"line":17,"column":2},"end":{"line":17,"column":null}},"type":"if","locations":[{"start":{"line":17,"column":2},"end":{"line":17,"column":null}},{"start":{},"end":{}}],"line":17},"1":{"loc":{"start":{"line":22,"column":2},"end":{"line":28,"column":null}},"type":"if","locations":[{"start":{"line":22,"column":2},"end":{"line":28,"column":null}},{"start":{"line":25,"column":9},"end":{"line":28,"column":null}}],"line":22},"2":{"loc":{"start":{"line":22,"column":6},"end":{"line":22,"column":20}},"type":"binary-expr","locations":[{"start":{"line":22,"column":6},"end":{"line":22,"column":13}},{"start":{"line":22,"column":13},"end":{"line":22,"column":20}}],"line":22},"3":{"loc":{"start":{"line":41,"column":2},"end":{"line":41,"column":null}},"type":"if","locations":[{"start":{"line":41,"column":2},"end":{"line":41,"column":null}},{"start":{},"end":{}}],"line":41},"4":{"loc":{"start":{"line":44,"column":4},"end":{"line":44,"column":null}},"type":"if","locations":[{"start":{"line":44,"column":4},"end":{"line":44,"column":null}},{"start":{},"end":{}}],"line":44},"5":{"loc":{"start":{"line":44,"column":8},"end":{"line":44,"column":43}},"type":"binary-expr","locations":[{"start":{"line":44,"column":8},"end":{"line":44,"column":24}},{"start":{"line":44,"column":24},"end":{"line":44,"column":43}}],"line":44},"6":{"loc":{"start":{"line":55,"column":60},"end":{"line":55,"column":110}},"type":"default-arg","locations":[{"start":{"line":55,"column":81},"end":{"line":55,"column":110}}],"line":55},"7":{"loc":{"start":{"line":57,"column":2},"end":{"line":57,"column":null}},"type":"if","locations":[{"start":{"line":57,"column":2},"end":{"line":57,"column":null}},{"start":{},"end":{}}],"line":57},"8":{"loc":{"start":{"line":70,"column":2},"end":{"line":70,"column":null}},"type":"if","locations":[{"start":{"line":70,"column":2},"end":{"line":70,"column":null}},{"start":{},"end":{}}],"line":70},"9":{"loc":{"start":{"line":89,"column":2},"end":{"line":89,"column":null}},"type":"default-arg","locations":[{"start":{"line":89,"column":23},"end":{"line":89,"column":null}}],"line":89},"10":{"loc":{"start":{"line":92,"column":2},"end":{"line":92,"column":null}},"type":"if","locations":[{"start":{"line":92,"column":2},"end":{"line":92,"column":null}},{"start":{},"end":{}}],"line":92}},"s":{"0":1,"1":0,"2":0,"3":0,"4":0,"5":0,"6":0,"7":0,"8":0,"9":0,"10":0,"11":1,"12":0,"13":0,"14":0,"15":0,"16":0,"17":0,"18":0,"19":0,"20":0,"21":0,"22":0,"23":0,"24":0,"25":0,"26":0,"27":0,"28":0,"29":0,"30":0,"31":0,"32":0,"33":0,"34":0,"35":0,"36":0},"f":{"0":0,"1":0,"2":0,"3":0,"4":0},"b":{"0":[0,0],"1":[0,0],"2":[0,0],"3":[0,0],"4":[0,0],"5":[0,0],"6":[0],"7":[0,0],"8":[0,0],"9":[0],"10":[0,0]},"meta":{"lastBranch":11,"lastFunction":5,"lastStatement":37,"seen":{"s:14:39:14:Infinity":0,"f:16:9:16:34":0,"b:17:2:17:Infinity:undefined:undefined:undefined:undefined":0,"s:17:2:17:Infinity":1,"s:17:28:17:Infinity":2,"s:19:14:19:Infinity":3,"s:20:16:20:Infinity":4,"b:22:2:28:Infinity:25:9:28:Infinity":1,"s:22:2:28:Infinity":5,"b:22:6:22:13:22:13:22:20":2,"s:23:4:23:Infinity":6,"s:24:4:24:Infinity":7,"s:26:4:26:Infinity":8,"s:27:4:27:Infinity":9,"s:30:2:30:Infinity":10,"s:33:21:33:Infinity":11,"f:39:22:39:44":1,"s:40:12:40:Infinity":12,"b:41:2:41:Infinity:undefined:undefined:undefined:undefined":3,"s:41:2:41:Infinity":13,"s:41:10:41:Infinity":14,"s:42:2:48:Infinity":15,"s:43:16:43:Infinity":16,"b:44:4:44:Infinity:undefined:undefined:undefined:undefined":4,"s:44:4:44:Infinity":17,"b:44:8:44:24:44:24:44:43":5,"s:44:43:44:Infinity":18,"s:45:4:45:Infinity":19,"s:47:4:47:Infinity":20,"f:55:22:55:31":2,"b:55:81:55:110":6,"s:56:12:56:Infinity":21,"b:57:2:57:Infinity:undefined:undefined:undefined:undefined":7,"s:57:2:57:Infinity":22,"s:57:10:57:Infinity":23,"s:58:2:62:Infinity":24,"s:59:4:59:Infinity":25,"f:68:22:68:31":3,"s:69:12:69:Infinity":26,"b:70:2:70:Infinity:undefined:undefined:undefined:undefined":8,"s:70:2:70:Infinity":27,"s:70:10:70:Infinity":28,"s:71:2:75:Infinity":29,"s:72:4:72:Infinity":30,"f:86:22:86:Infinity":4,"b:89:23:89:Infinity":9,"s:91:17:91:Infinity":31,"b:92:2:92:Infinity:undefined:undefined:undefined:undefined":10,"s:92:2:92:Infinity":32,"s:92:23:92:Infinity":33,"s:94:17:94:Infinity":34,"s:95:2:95:Infinity":35,"s:96:2:96:Infinity":36},"fnNames":{}}}
,"C:\\Users\\pater\\Pyt\\Courser\\src\\lib\\auth\\index.ts": {"path":"C:\\Users\\pater\\Pyt\\Courser\\src\\lib\\auth\\index.ts","statementMap":{},"fnMap":{},"branchMap":{},"s":{},"f":{},"b":{},"meta":{"lastBranch":0,"lastFunction":0,"lastStatement":0,"seen":{},"fnNames":{}}}
,"C:\\Users\\pater\\Pyt\\Courser\\src\\lib\\config\\generate-course-config.ts": {"path":"C:\\Users\\pater\\Pyt\\Courser\\src\\lib\\config\\generate-course-config.ts","statementMap":{"0":{"start":{"line":5,"column":18},"end":{"line":5,"column":null}},"1":{"start":{"line":54,"column":28},"end":{"line":54,"column":null}},"2":{"start":{"line":55,"column":2},"end":{"line":60,"column":null}},"3":{"start":{"line":56,"column":23},"end":{"line":56,"column":null}},"4":{"start":{"line":57,"column":4},"end":{"line":59,"column":null}},"5":{"start":{"line":58,"column":6},"end":{"line":58,"column":null}},"6":{"start":{"line":62,"column":18},"end":{"line":68,"column":null}},"7":{"start":{"line":70,"column":2},"end":{"line":70,"column":null}},"8":{"start":{"line":70,"column":16},"end":{"line":70,"column":null}},"9":{"start":{"line":73,"column":71},"end":{"line":73,"column":null}},"10":{"start":{"line":74,"column":2},"end":{"line":77,"column":null}},"11":{"start":{"line":75,"column":4},"end":{"line":75,"column":null}},"12":{"start":{"line":75,"column":41},"end":{"line":75,"column":null}},"13":{"start":{"line":76,"column":4},"end":{"line":76,"column":null}},"14":{"start":{"line":80,"column":47},"end":{"line":80,"column":null}},"15":{"start":{"line":81,"column":18},"end":{"line":81,"column":null}},"16":{"start":{"line":83,"column":6},"end":{"line":83,"column":null}},"17":{"start":{"line":83,"column":16},"end":{"line":83,"column":null}},"18":{"start":{"line":84,"column":6},"end":{"line":84,"column":null}},"19":{"start":{"line":84,"column":12},"end":{"line":84,"column":36}},"20":{"start":{"line":84,"column":46},"end":{"line":84,"column":64}},"21":{"start":{"line":87,"column":4},"end":{"line":112,"column":null}},"22":{"start":{"line":88,"column":16},"end":{"line":88,"column":null}},"23":{"start":{"line":90,"column":17},"end":{"line":90,"column":null}},"24":{"start":{"line":93,"column":23},"end":{"line":93,"column":null}},"25":{"start":{"line":94,"column":29},"end":{"line":94,"column":null}},"26":{"start":{"line":95,"column":22},"end":{"line":95,"column":null}},"27":{"start":{"line":97,"column":6},"end":{"line":111,"column":null}},"28":{"start":{"line":115,"column":43},"end":{"line":143,"column":null}},"29":{"start":{"line":116,"column":97},"end":{"line":116,"column":null}},"30":{"start":{"line":117,"column":4},"end":{"line":123,"column":null}},"31":{"start":{"line":118,"column":6},"end":{"line":122,"column":null}},"32":{"start":{"line":125,"column":43},"end":{"line":125,"column":null}},"33":{"start":{"line":126,"column":49},"end":{"line":126,"column":null}},"34":{"start":{"line":127,"column":43},"end":{"line":127,"column":null}},"35":{"start":{"line":129,"column":4},"end":{"line":133,"column":null}},"36":{"start":{"line":130,"column":6},"end":{"line":130,"column":null}},"37":{"start":{"line":131,"column":6},"end":{"line":131,"column":null}},"38":{"start":{"line":132,"column":6},"end":{"line":132,"column":null}},"39":{"start":{"line":135,"column":4},"end":{"line":142,"column":null}},"40":{"start":{"line":145,"column":31},"end":{"line":181,"column":null}},"41":{"start":{"line":158,"column":18},"end":{"line":158,"column":null}},"42":{"start":{"line":159,"column":55},"end":{"line":165,"column":null}},"43":{"start":{"line":166,"column":6},"end":{"line":172,"column":null}},"44":{"start":{"line":167,"column":47},"end":{"line":171,"column":10}},"45":{"start":{"line":175,"column":6},"end":{"line":175,"column":null}},"46":{"start":{"line":175,"column":12},"end":{"line":175,"column":57}},"47":{"start":{"line":175,"column":67},"end":{"line":175,"column":85}},"48":{"start":{"line":184,"column":2},"end":{"line":190,"column":null}},"49":{"start":{"line":185,"column":22},"end":{"line":185,"column":null}},"50":{"start":{"line":186,"column":4},"end":{"line":188,"column":null}},"51":{"start":{"line":187,"column":6},"end":{"line":187,"column":null}},"52":{"start":{"line":189,"column":4},"end":{"line":189,"column":null}},"53":{"start":{"line":193,"column":2},"end":{"line":197,"column":null}},"54":{"start":{"line":199,"column":2},"end":{"line":199,"column":null}}},"fnMap":{"0":{"name":"generateCourseConfig","decl":{"start":{"line":53,"column":22},"end":{"line":53,"column":43}},"loc":{"start":{"line":53,"column":57},"end":{"line":200,"column":null}},"line":53},"1":{"name":"safeParseUi","decl":{"start":{"line":82,"column":13},"end":{"line":82,"column":25}},"loc":{"start":{"line":82,"column":50},"end":{"line":85,"column":null}},"line":82},"2":{"name":"(anonymous_2)","decl":{"start":{"line":115,"column":59},"end":{"line":115,"column":64}},"loc":{"start":{"line":115,"column":78},"end":{"line":143,"column":3}},"line":115},"3":{"name":"(anonymous_3)","decl":{"start":{"line":157,"column":20},"end":{"line":157,"column":46}},"loc":{"start":{"line":157,"column":46},"end":{"line":173,"column":7}},"line":157},"4":{"name":"(anonymous_4)","decl":{"start":{"line":167,"column":28},"end":{"line":167,"column":33}},"loc":{"start":{"line":167,"column":47},"end":{"line":171,"column":10}},"line":167},"5":{"name":"(anonymous_5)","decl":{"start":{"line":174,"column":30},"end":{"line":174,"column":56}},"loc":{"start":{"line":174,"column":56},"end":{"line":176,"column":7}},"line":174}},"branchMap":{"0":{"loc":{"start":{"line":57,"column":4},"end":{"line":59,"column":null}},"type":"if","locations":[{"start":{"line":57,"column":4},"end":{"line":59,"column":null}},{"start":{},"end":{}}],"line":57},"1":{"loc":{"start":{"line":70,"column":2},"end":{"line":70,"column":null}},"type":"if","locations":[{"start":{"line":70,"column":2},"end":{"line":70,"column":null}},{"start":{},"end":{}}],"line":70},"2":{"loc":{"start":{"line":75,"column":4},"end":{"line":75,"column":null}},"type":"if","locations":[{"start":{"line":75,"column":4},"end":{"line":75,"column":null}},{"start":{},"end":{}}],"line":75},"3":{"loc":{"start":{"line":81,"column":18},"end":{"line":81,"column":null}},"type":"cond-expr","locations":[{"start":{"line":81,"column":65},"end":{"line":81,"column":101}},{"start":{"line":81,"column":101},"end":{"line":81,"column":null}}],"line":81},"4":{"loc":{"start":{"line":83,"column":6},"end":{"line":83,"column":null}},"type":"if","locations":[{"start":{"line":83,"column":6},"end":{"line":83,"column":null}},{"start":{},"end":{}}],"line":83},"5":{"loc":{"start":{"line":88,"column":16},"end":{"line":88,"column":null}},"type":"binary-expr","locations":[{"start":{"line":88,"column":16},"end":{"line":88,"column":48}},{"start":{"line":88,"column":48},"end":{"line":88,"column":null}}],"line":88},"6":{"loc":{"start":{"line":90,"column":17},"end":{"line":90,"column":null}},"type":"binary-expr","locations":[{"start":{"line":90,"column":17},"end":{"line":90,"column":42}},{"start":{"line":90,"column":42},"end":{"line":90,"column":93}},{"start":{"line":90,"column":93},"end":{"line":90,"column":null}}],"line":90},"7":{"loc":{"start":{"line":93,"column":23},"end":{"line":93,"column":null}},"type":"binary-expr","locations":[{"start":{"line":93,"column":23},"end":{"line":93,"column":38}},{"start":{"line":93,"column":38},"end":{"line":93,"column":null}}],"line":93},"8":{"loc":{"start":{"line":93,"column":41},"end":{"line":93,"column":66}},"type":"binary-expr","locations":[{"start":{"line":93,"column":41},"end":{"line":93,"column":53}},{"start":{"line":93,"column":53},"end":{"line":93,"column":66}}],"line":93},"9":{"loc":{"start":{"line":94,"column":29},"end":{"line":94,"column":null}},"type":"binary-expr","locations":[{"start":{"line":94,"column":29},"end":{"line":94,"column":51}},{"start":{"line":94,"column":31},"end":{"line":94,"column":null}}],"line":94},"10":{"loc":{"start":{"line":94,"column":51},"end":{"line":94,"column":86}},"type":"binary-expr","locations":[{"start":{"line":94,"column":51},"end":{"line":94,"column":68}},{"start":{"line":94,"column":68},"end":{"line":94,"column":82}},{"start":{"line":94,"column":82},"end":{"line":94,"column":86}}],"line":94},"11":{"loc":{"start":{"line":95,"column":22},"end":{"line":95,"column":null}},"type":"binary-expr","locations":[{"start":{"line":95,"column":22},"end":{"line":95,"column":36}},{"start":{"line":95,"column":36},"end":{"line":95,"column":56}},{"start":{"line":95,"column":56},"end":{"line":95,"column":null}}],"line":95},"12":{"loc":{"start":{"line":98,"column":15},"end":{"line":98,"column":null}},"type":"binary-expr","locations":[{"start":{"line":98,"column":15},"end":{"line":98,"column":27}},{"start":{"line":98,"column":27},"end":{"line":98,"column":null}}],"line":98},"13":{"loc":{"start":{"line":99,"column":17},"end":{"line":99,"column":null}},"type":"binary-expr","locations":[{"start":{"line":99,"column":17},"end":{"line":99,"column":31}},{"start":{"line":99,"column":31},"end":{"line":99,"column":null}}],"line":99},"14":{"loc":{"start":{"line":100,"column":15},"end":{"line":100,"column":null}},"type":"binary-expr","locations":[{"start":{"line":100,"column":15},"end":{"line":100,"column":27}},{"start":{"line":100,"column":27},"end":{"line":100,"column":null}}],"line":100},"15":{"loc":{"start":{"line":101,"column":13},"end":{"line":101,"column":null}},"type":"binary-expr","locations":[{"start":{"line":101,"column":13},"end":{"line":101,"column":22}},{"start":{"line":101,"column":22},"end":{"line":101,"column":null}}],"line":101},"16":{"loc":{"start":{"line":102,"column":21},"end":{"line":102,"column":null}},"type":"binary-expr","locations":[{"start":{"line":102,"column":21},"end":{"line":102,"column":38}},{"start":{"line":102,"column":38},"end":{"line":102,"column":null}}],"line":102},"17":{"loc":{"start":{"line":103,"column":20},"end":{"line":103,"column":null}},"type":"binary-expr","locations":[{"start":{"line":103,"column":20},"end":{"line":103,"column":32}},{"start":{"line":103,"column":32},"end":{"line":103,"column":null}}],"line":103},"18":{"loc":{"start":{"line":104,"column":22},"end":{"line":104,"column":null}},"type":"binary-expr","locations":[{"start":{"line":104,"column":22},"end":{"line":104,"column":34}},{"start":{"line":104,"column":34},"end":{"line":104,"column":null}}],"line":104},"19":{"loc":{"start":{"line":108,"column":14},"end":{"line":108,"column":null}},"type":"cond-expr","locations":[{"start":{"line":108,"column":24},"end":{"line":108,"column":38}},{"start":{"line":108,"column":38},"end":{"line":108,"column":null}}],"line":108},"20":{"loc":{"start":{"line":120,"column":21},"end":{"line":120,"column":null}},"type":"binary-expr","locations":[{"start":{"line":120,"column":21},"end":{"line":120,"column":39}},{"start":{"line":120,"column":39},"end":{"line":120,"column":null}}],"line":120},"21":{"loc":{"start":{"line":121,"column":18},"end":{"line":121,"column":null}},"type":"binary-expr","locations":[{"start":{"line":121,"column":18},"end":{"line":121,"column":33}},{"start":{"line":121,"column":33},"end":{"line":121,"column":null}}],"line":121},"22":{"loc":{"start":{"line":130,"column":23},"end":{"line":130,"column":null}},"type":"binary-expr","locations":[{"start":{"line":130,"column":23},"end":{"line":130,"column":52}},{"start":{"line":130,"column":52},"end":{"line":130,"column":76}},{"start":{"line":130,"column":76},"end":{"line":130,"column":null}}],"line":130},"23":{"loc":{"start":{"line":131,"column":29},"end":{"line":131,"column":null}},"type":"binary-expr","locations":[{"start":{"line":131,"column":29},"end":{"line":131,"column":64}},{"start":{"line":131,"column":64},"end":{"line":131,"column":null}}],"line":131},"24":{"loc":{"start":{"line":132,"column":23},"end":{"line":132,"column":null}},"type":"binary-expr","locations":[{"start":{"line":132,"column":23},"end":{"line":132,"column":55}},{"start":{"line":132,"column":55},"end":{"line":132,"column":null}}],"line":132},"25":{"loc":{"start":{"line":148,"column":15},"end":{"line":148,"column":null}},"type":"binary-expr","locations":[{"start":{"line":148,"column":15},"end":{"line":148,"column":96}},{"start":{"line":148,"column":96},"end":{"line":148,"column":null}}],"line":148},"26":{"loc":{"start":{"line":149,"column":21},"end":{"line":149,"column":null}},"type":"binary-expr","locations":[{"start":{"line":149,"column":21},"end":{"line":149,"column":55}},{"start":{"line":149,"column":55},"end":{"line":149,"column":null}}],"line":149},"27":{"loc":{"start":{"line":150,"column":11},"end":{"line":150,"column":null}},"type":"binary-expr","locations":[{"start":{"line":150,"column":11},"end":{"line":150,"column":31}},{"start":{"line":150,"column":31},"end":{"line":150,"column":55}},{"start":{"line":150,"column":55},"end":{"line":150,"column":null}}],"line":150},"28":{"loc":{"start":{"line":151,"column":20},"end":{"line":151,"column":null}},"type":"binary-expr","locations":[{"start":{"line":151,"column":20},"end":{"line":151,"column":53}},{"start":{"line":151,"column":53},"end":{"line":151,"column":null}}],"line":151},"29":{"loc":{"start":{"line":152,"column":17},"end":{"line":152,"column":null}},"type":"binary-expr","locations":[{"start":{"line":152,"column":17},"end":{"line":152,"column":47}},{"start":{"line":152,"column":47},"end":{"line":152,"column":
[...]
line":41,"column":null}},"type":"if","locations":[{"start":{"line":41,"column":2},"end":{"line":41,"column":null}},{"start":{},"end":{}}],"line":41},"1":{"loc":{"start":{"line":43,"column":19},"end":{"line":43,"column":null}},"type":"cond-expr","locations":[{"start":{"line":43,"column":51},"end":{"line":43,"column":75}},{"start":{"line":43,"column":75},"end":{"line":43,"column":null}}],"line":43},"2":{"loc":{"start":{"line":50,"column":16},"end":{"line":50,"column":null}},"type":"binary-expr","locations":[{"start":{"line":50,"column":16},"end":{"line":50,"column":28}},{"start":{"line":50,"column":28},"end":{"line":50,"column":60}},{"start":{"line":50,"column":60},"end":{"line":50,"column":null}}],"line":50},"3":{"loc":{"start":{"line":52,"column":24},"end":{"line":52,"column":null}},"type":"binary-expr","locations":[{"start":{"line":52,"column":24},"end":{"line":52,"column":44}},{"start":{"line":52,"column":44},"end":{"line":52,"column":null}}],"line":52},"4":{"loc":{"start":{"line":53,"column":23},"end":{"line":53,"column":null}},"type":"binary-expr","locations":[{"start":{"line":53,"column":23},"end":{"line":53,"column":42}},{"start":{"line":53,"column":42},"end":{"line":53,"column":null}}],"line":53},"5":{"loc":{"start":{"line":69,"column":2},"end":{"line":69,"column":null}},"type":"if","locations":[{"start":{"line":69,"column":2},"end":{"line":69,"column":null}},{"start":{},"end":{}}],"line":69},"6":{"loc":{"start":{"line":69,"column":6},"end":{"line":69,"column":42}},"type":"binary-expr","locations":[{"start":{"line":69,"column":6},"end":{"line":69,"column":18}},{"start":{"line":69,"column":18},"end":{"line":69,"column":42}}],"line":69},"7":{"loc":{"start":{"line":71,"column":2},"end":{"line":71,"column":null}},"type":"if","locations":[{"start":{"line":71,"column":2},"end":{"line":71,"column":null}},{"start":{},"end":{}}],"line":71},"8":{"loc":{"start":{"line":73,"column":2},"end":{"line":73,"column":null}},"type":"if","locations":[{"start":{"line":73,"column":2},"end":{"line":73,"column":null}},{"start":{},"end":{}}],"line":73},"9":{"loc":{"start":{"line":86,"column":2},"end":{"line":91,"column":null}},"type":"if","locations":[{"start":{"line":86,"column":2},"end":{"line":91,"column":null}},{"start":{},"end":{}}],"line":86},"10":{"loc":{"start":{"line":88,"column":4},"end":{"line":90,"column":null}},"type":"if","locations":[{"start":{"line":88,"column":4},"end":{"line":90,"column":null}},{"start":{},"end":{}}],"line":88},"11":{"loc":{"start":{"line":97,"column":22},"end":{"line":97,"column":null}},"type":"binary-expr","locations":[{"start":{"line":97,"column":22},"end":{"line":97,"column":49}},{"start":{"line":97,"column":49},"end":{"line":97,"column":null}}],"line":97},"12":{"loc":{"start":{"line":98,"column":2},"end":{"line":100,"column":null}},"type":"if","locations":[{"start":{"line":98,"column":2},"end":{"line":100,"column":null}},{"start":{},"end":{}}],"line":98},"13":{"loc":{"start":{"line":103,"column":22},"end":{"line":103,"column":41}},"type":"binary-expr","locations":[{"start":{"line":103,"column":22},"end":{"line":103,"column":36}},{"start":{"line":103,"column":36},"end":{"line":103,"column":41}}],"line":103},"14":{"loc":{"start":{"line":114,"column":21},"end":{"line":114,"column":null}},"type":"binary-expr","locations":[{"start":{"line":114,"column":21},"end":{"line":114,"column":35}},{"start":{"line":114,"column":35},"end":{"line":114,"column":null}}],"line":114},"15":{"loc":{"start":{"line":117,"column":2},"end":{"line":122,"column":null}},"type":"if","locations":[{"start":{"line":117,"column":2},"end":{"line":122,"column":null}},{"start":{},"end":{}}],"line":117},"16":{"loc":{"start":{"line":119,"column":4},"end":{"line":121,"column":null}},"type":"if","locations":[{"start":{"line":119,"column":4},"end":{"line":121,"column":null}},{"start":{},"end":{}}],"line":119},"17":{"loc":{"start":{"line":126,"column":22},"end":{"line":126,"column":null}},"type":"binary-expr","locations":[{"start":{"line":126,"column":22},"end":{"line":126,"column":53}},{"start":{"line":126,"column":53},"end":{"line":126,"column":null}}],"line":126},"18":{"loc":{"start":{"line":127,"column":17},"end":{"line":127,"column":null}},"type":"binary-expr","locations":[{"start":{"line":127,"column":17},"end":{"line":127,"column":40}},{"start":{"line":127,"column":40},"end":{"line":127,"column":null}}],"line":127},"19":{"loc":{"start":{"line":128,"column":24},"end":{"line":128,"column":null}},"type":"binary-expr","locations":[{"start":{"line":128,"column":24},"end":{"line":128,"column":47}},{"start":{"line":128,"column":47},"end":{"line":128,"column":null}}],"line":128},"20":{"loc":{"start":{"line":158,"column":9},"end":{"line":158,"column":null}},"type":"binary-expr","locations":[{"start":{"line":158,"column":9},"end":{"line":158,"column":42}},{"start":{"line":158,"column":42},"end":{"line":158,"column":89}},{"start":{"line":158,"column":89},"end":{"line":158,"column":null}}],"line":158},"21":{"loc":{"start":{"line":165,"column":2},"end":{"line":165,"column":null}},"type":"if","locations":[{"start":{"line":165,"column":2},"end":{"line":165,"column":null}},{"start":{},"end":{}}],"line":165}},"s":{"0":1,"1":19,"2":2,"3":17,"4":17,"5":19,"6":19,"7":36,"8":36,"9":15,"10":2,"11":14,"12":5,"13":9,"14":9,"15":1,"16":8,"17":8,"18":1,"19":7,"20":14,"21":3,"22":3,"23":2,"24":12,"25":12,"26":14,"27":11,"28":1,"29":6,"30":6,"31":1,"32":1,"33":1,"34":5,"35":5,"36":6,"37":6,"38":6,"39":17,"40":17,"41":17,"42":7,"43":2,"44":5,"45":5,"46":1,"47":7},"f":{"0":19,"1":14,"2":14,"3":6,"4":17,"5":7,"6":7},"b":{"0":[2,17],"1":[12,5],"2":[36,3,1],"3":[36,14],"4":[36,25],"5":[5,9],"6":[14,12],"7":[1,8],"8":[1,7],"9":[3,11],"10":[2,1],"11":[12,4],"12":[11,3],"13":[1,0],"14":[6,1],"15":[1,5],"16":[1,0],"17":[5,1],"18":[6,1],"19":[6,1],"20":[17,4,4],"21":[2,5]},"meta":{"lastBranch":22,"lastFunction":7,"lastStatement":48,"seen":{"s:25:49:33:Infinity":0,"f:38:16:38:Infinity":0,"b:41:2:41:Infinity:undefined:undefined:undefined:undefined":0,"s:41:2:41:Infinity":1,"s:41:18:41:Infinity":2,"s:42:2:59:Infinity":3,"s:43:19:43:Infinity":4,"b:43:51:43:75:43:75:43:Infinity":1,"s:44:57:44:Infinity":5,"s:45:4:55:Infinity":6,"s:46:16:46:Infinity":7,"s:47:6:54:Infinity":8,"b:50:16:50:28:50:28:50:60:50:60:50:Infinity":2,"b:52:24:52:44:52:44:52:Infinity":3,"b:53:23:53:42:53:42:53:Infinity":4,"s:56:4:56:Infinity":9,"s:58:4:58:Infinity":10,"f:65:16:65:Infinity":1,"b:69:2:69:Infinity:undefined:undefined:undefined:undefined":5,"s:69:2:69:Infinity":11,"b:69:6:69:18:69:18:69:42":6,"s:69:42:69:Infinity":12,"s:70:20:70:Infinity":13,"b:71:2:71:Infinity:undefined:undefined:undefined:undefined":7,"s:71:2:71:Infinity":14,"s:71:18:71:Infinity":15,"s:72:19:72:Infinity":16,"b:73:2:73:Infinity:undefined:undefined:undefined:undefined":8,"s:73:2:73:Infinity":17,"s:73:17:73:Infinity":18,"s:74:2:74:Infinity":19,"f:80:16:80:Infinity":2,"b:86:2:91:Infinity:undefined:undefined:undefined:undefined":9,"s:86:2:91:Infinity":20,"s:87:25:87:Infinity":21,"b:88:4:90:Infinity:undefined:undefined:undefined:undefined":10,"s:88:4:90:Infinity":22,"s:89:6:89:Infinity":23,"s:94:19:94:Infinity":24,"s:97:22:97:Infinity":25,"b:97:22:97:49:97:49:97:Infinity":11,"b:98:2:100:Infinity:undefined:undefined:undefined:undefined":12,"s:98:2:100:Infinity":26,"s:99:4:99:Infinity":27,"s:103:2:103:Infinity":28,"b:103:22:103:36:103:36:103:41":13,"f:109:16:109:Infinity":3,"s:114:21:114:Infinity":29,"b:114:21:114:35:114:35:114:Infinity":14,"b:117:2:122:Infinity:undefined:undefined:undefined:undefined":15,"s:117:2:122:Infinity":30,"s:118:25:118:Infinity":31,"b:119:4:121:Infinity:undefined:undefined:undefined:undefined":16,"s:119:4:121:Infinity":32,"s:120:6:120:Infinity":33,"s:125:23:125:Infinity":34,"s:126:22:126:Infinity":35,"b:126:22:126:53:126:53:126:Infinity":17,"s:127:17:127:Infinity":36,"b:127:17:127:40:127:40:127:Infinity":18,"s:128:24:128:Infinity":37,"b:128:24:128:47:128:47:128:Infinity":19,"s:130:2:130:Infinity":38,"f:136:9:136:35":4,"s:137:52:156:Infinity":39,"s:157:21:157:Infinity":40,"s:158:2:158:Infinity":41,"b:158:9:158:42:158:42:158:89:158:89:158:Infinity":20,"f:164:16:164:38":5,"b:165:2:165:Infinity:undefined:undefined:undefined:undefined":21,"s:165:2:165:Infinity":42,"s:165:12:165:Infinity":43,"s:166:2:170:Infinity":44,"s:167:4:167:Infinity":45,"s:169:4:169:Infinity":46,"f:176:16:176:28":6,"s:177:2:177:Infinity":47},"fnNames":{}}}
,"C:\\Users\\pater\\Pyt\\Courser\\src\\lib\\utils\\rate-limit.ts": {"path":"C:\\Users\\pater\\Pyt\\Courser\\src\\lib\\utils\\rate-limit.ts","statementMap":{"0":{"start":{"line":18,"column":15},"end":{"line":18,"column":null}},"1":{"start":{"line":20,"column":26},"end":{"line":27,"column":null}},"2":{"start":{"line":32,"column":13},"end":{"line":32,"column":null}},"3":{"start":{"line":35,"column":18},"end":{"line":35,"column":null}},"4":{"start":{"line":37,"column":14},"end":{"line":37,"column":null}},"5":{"start":{"line":38,"column":2},"end":{"line":38,"column":null}},"6":{"start":{"line":38,"column":34},"end":{"line":38,"column":null}},"7":{"start":{"line":39,"column":2},"end":{"line":39,"column":null}},"8":{"start":{"line":40,"column":2},"end":{"line":42,"column":null}},"9":{"start":{"line":41,"column":4},"end":{"line":41,"column":null}},"10":{"start":{"line":41,"column":27},"end":{"line":41,"column":null}},"11":{"start":{"line":57,"column":2},"end":{"line":57,"column":null}},"12":{"start":{"line":59,"column":14},"end":{"line":59,"column":null}},"13":{"start":{"line":60,"column":16},"end":{"line":60,"column":null}},"14":{"start":{"line":62,"column":2},"end":{"line":65,"column":null}},"15":{"start":{"line":63,"column":4},"end":{"line":63,"column":null}},"16":{"start":{"line":64,"column":4},"end":{"line":64,"column":null}},"17":{"start":{"line":67,"column":2},"end":{"line":67,"column":null}},"18":{"start":{"line":69,"column":2},"end":{"line":71,"column":null}},"19":{"start":{"line":70,"column":4},"end":{"line":70,"column":null}},"20":{"start":{"line":73,"column":2},"end":{"line":73,"column":null}},"21":{"start":{"line":84,"column":28},"end":{"line":84,"column":null}},"22":{"start":{"line":86,"column":2},"end":{"line":122,"column":null}},"23":{"start":{"line":88,"column":23},"end":{"line":90,"column":null}},"24":{"start":{"line":92,"column":19},"end":{"line":92,"column":null}},"25":{"start":{"line":94,"column":4},"end":{"line":107,"column":null}},"26":{"start":{"line":95,"column":6},"end":{"line":106,"column":null}},"27":{"start":{"line":109,"column":21},"end":{"line":109,"column":null}},"28":{"start":{"line":112,"column":20},"end":{"line":112,"column":null}},"29":{"start":{"line":113,"column":4},"end":{"line":113,"column":null}},"30":{"start":{"line":114,"column":4},"end":{"line":114,"column":null}},"31":{"start":{"line":115,"column":4},"end":{"line":115,"column":null}},"32":{"start":{"line":117,"column":4},"end":{"line":121,"column":null}},"33":{"start":{"line":127,"column":2},"end":{"line":136,"column":null}}},"fnMap":{"0":{"name":"cleanup","decl":{"start":{"line":36,"column":9},"end":{"line":36,"column":19}},"loc":{"start":{"line":36,"column":19},"end":{"line":43,"column":null}},"line":36},"1":{"name":"rateLimit","decl":{"start":{"line":52,"column":16},"end":{"line":52,"column":null}},"loc":{"start":{"line":56,"column":19},"end":{"line":74,"column":null}},"line":56},"2":{"name":"withRateLimit","decl":{"start":{"line":79,"column":16},"end":{"line":79,"column":null}},"loc":{"start":{"line":83,"column":16},"end":{"line":123,"column":null}},"line":83},"3":{"name":"(anonymous_3)","decl":{"start":{"line":86,"column":9},"end":{"line":86,"column":16}},"loc":{"start":{"line":86,"column":57},"end":{"line":122,"column":null}},"line":86},"4":{"name":"rateLimitResponse","decl":{"start":{"line":126,"column":16},"end":{"line":126,"column":34}},"loc":{"start":{"line":126,"column":51},"end":{"line":137,"column":null}},"line":126}},"branchMap":{"0":{"loc":{"start":{"line":38,"column":2},"end":{"line":38,"column":null}},"type":"if","locations":[{"start":{"line":38,"column":2},"end":{"line":38,"column":null}},{"start":{},"end":{}}],"line":38},"1":{"loc":{"start":{"line":41,"column":4},"end":{"line":41,"column":null}},"type":"if","locations":[{"start":{"line":41,"column":4},"end":{"line":41,"column":null}},{"start":{},"end":{}}],"line":41},"2":{"loc":{"start":{"line":62,"column":2},"end":{"line":65,"column":null}},"type":"if","locations":[{"start":{"line":62,"column":2},"end":{"line":65,"column":null}},{"start":{},"end":{}}],"line":62},"3":{"loc":{"start":{"line":62,"column":6},"end":{"line":62,"column":37}},"type":"binary-expr","locations":[{"start":{"line":62,"column":6},"end":{"line":62,"column":16}},{"start":{"line":62,"column":16},"end":{"line":62,"column":37}}],"line":62},"4":{"loc":{"start":{"line":69,"column":2},"end":{"line":71,"column":null}},"type":"if","locations":[{"start":{"line":69,"column":2},"end":{"line":71,"column":null}},{"start":{},"end":{}}],"line":69},"5":{"loc":{"start":{"line":81,"column":2},"end":{"line":81,"column":null}},"type":"default-arg","locations":[{"start":{"line":81,"column":19},"end":{"line":81,"column":null}}],"line":81},"6":{"loc":{"start":{"line":88,"column":23},"end":{"line":90,"column":null}},"type":"cond-expr","locations":[{"start":{"line":89,"column":8},"end":{"line":89,"column":null}},{"start":{"line":90,"column":8},"end":{"line":90,"column":null}}],"line":88},"7":{"loc":{"start":{"line":90,"column":19},"end":{"line":90,"column":null}},"type":"binary-expr","locations":[{"start":{"line":90,"column":19},"end":{"line":90,"column":57}},{"start":{"line":90,"column":57},"end":{"line":90,"column":89}},{"start":{"line":90,"column":89},"end":{"line":90,"column":null}}],"line":90},"8":{"loc":{"start":{"line":94,"column":4},"end":{"line":107,"column":null}},"type":"if","locations":[{"start":{"line":94,"column":4},"end":{"line":107,"column":null}},{"start":{},"end":{}}],"line":94}},"s":{"0":1,"1":1,"2":1,"3":1,"4":6,"5":6,"6":6,"7":0,"8":0,"9":0,"10":0,"11":6,"12":6,"13":6,"14":6,"15":1,"16":1,"17":5,"18":5,"19":0,"20":5,"21":0,"22":0,"23":0,"24":0,"25":0,"26":0,"27":0,"28":0,"29":0,"30":0,"31":0,"32":0,"33":0},"f":{"0":6,"1":6,"2":0,"3":0,"4":0},"b":{"0":[6,0],"1":[0,0],"2":[1,5],"3":[6,5],"4":[0,5],"5":[0],"6":[0,0],"7":[0,0,0],"8":[0,0]},"meta":{"lastBranch":9,"lastFunction":5,"lastStatement":34,"seen":{"s:18:15:18:Infinity":0,"s:20:26:27:Infinity":1,"s:32:13:32:Infinity":2,"s:35:18:35:Infinity":3,"f:36:9:36:19":0,"s:37:14:37:Infinity":4,"b:38:2:38:Infinity:undefined:undefined:undefined:undefined":0,"s:38:2:38:Infinity":5,"s:38:34:38:Infinity":6,"s:39:2:39:Infinity":7,"s:40:2:42:Infinity":8,"b:41:4:41:Infinity:undefined:undefined:undefined:undefined":1,"s:41:4:41:Infinity":9,"s:41:27:41:Infinity":10,"f:52:16:52:Infinity":1,"s:57:2:57:Infinity":11,"s:59:14:59:Infinity":12,"s:60:16:60:Infinity":13,"b:62:2:65:Infinity:undefined:undefined:undefined:undefined":2,"s:62:2:65:Infinity":14,"b:62:6:62:16:62:16:62:37":3,"s:63:4:63:Infinity":15,"s:64:4:64:Infinity":16,"s:67:2:67:Infinity":17,"b:69:2:71:Infinity:undefined:undefined:undefined:undefined":4,"s:69:2:71:Infinity":18,"s:70:4:70:Infinity":19,"s:73:2:73:Infinity":20,"f:79:16:79:Infinity":2,"b:81:19:81:Infinity":5,"s:84:28:84:Infinity":21,"s:86:2:122:Infinity":22,"f:86:9:86:16":3,"s:88:23:90:Infinity":23,"b:89:8:89:Infinity:90:8:90:Infinity":6,"b:90:19:90:57:90:57:90:89:90:89:90:Infinity":7,"s:92:19:92:Infinity":24,"b:94:4:107:Infinity:undefined:undefined:undefined:undefined":8,"s:94:4:107:Infinity":25,"s:95:6:106:Infinity":26,"s:109:21:109:Infinity":27,"s:112:20:112:Infinity":28,"s:113:4:113:Infinity":29,"s:114:4:114:Infinity":30,"s:115:4:115:Infinity":31,"s:117:4:121:Infinity":32,"f:126:16:126:34":4,"s:127:2:136:Infinity":33},"fnNames":{}}}
,"C:\\Users\\pater\\Pyt\\Courser\\src\\lib\\utils\\sanitize.ts": {"path":"C:\\Users\\pater\\Pyt\\Courser\\src\\lib\\utils\\sanitize.ts","statementMap":{"0":{"start":{"line":6,"column":2},"end":{"line":34,"column":null}},"1":{"start":{"line":24,"column":6},"end":{"line":30,"column":null}},"2":{"start":{"line":25,"column":26},"end":{"line":25,"column":null}},"3":{"start":{"line":26,"column":8},"end":{"line":28,"column":null}},"4":{"start":{"line":27,"column":10},"end":{"line":27,"column":null}},"5":{"start":{"line":29,"column":8},"end":{"line":29,"column":null}},"6":{"start":{"line":33,"column":6},"end":{"line":33,"column":null}}},"fnMap":{"0":{"name":"sanitizeHtml","decl":{"start":{"line":5,"column":16},"end":{"line":5,"column":29}},"loc":{"start":{"line":5,"column":52},"end":{"line":35,"column":null}},"line":5},"1":{"name":"(anonymous_1)","decl":{"start":{"line":22,"column":13},"end":{"line":22,"column":131}},"loc":{"start":{"line":22,"column":141},"end":{"line":34,"column":5}},"line":22}},"branchMap":{"0":{"loc":{"start":{"line":24,"column":6},"end":{"line":30,"column":null}},"type":"if","locations":[{"start":{"line":24,"column":6},"end":{"line":30,"column":null}},{"start":{},"end":{}}],"line":24},"1":{"loc":{"start":{"line":26,"column":8},"end":{"line":28,"column":null}},"type":"if","locations":[{"start":{"line":26,"column":8},"end":{"line":28,"column":null}},{"start":{},"end":{}}],"line":26},"2":{"loc":{"start":{"line":26,"column":12},"end":{"line":26,"column":80}},"type":"binary-expr","locations":[{"start":{"line":26,"column":12},"end":{"line":26,"column":25}},{"start":{"line":26,"column":25},"end":{"line":26,"column":80}}],"line":26}},"s":{"0":27,"1":47,"2":4,"3":4,"4":4,"5":0,"6":43},"f":{"0":27,"1":47},"b":{"0":[4,43],"1":[4,0],"2":[4,4]},"meta":{"lastBranch":3,"lastFunction":2,"lastStatement":7,"seen":{"f:5:16:5:29":0,"s:6:2:34:Infinity":0,"f:22:13:22:131":1,"b:24:6:30:Infinity:undefined:undefined:undefined:undefined":0,"s:24:6:30:Infinity":1,"s:25:26:25:Infinity":2,"b:26:8:28:Infinity:undefined:undefined:undefined:undefined":1,"s:26:8:28:Infinity":3,"b:26:12:26:25:26:25:26:80":2,"s:27:10:27:Infinity":4,"s:29:8:29:Infinity":5,"s:33:6:33:Infinity":6},"fnNames":{}}}
,"C:\\Users\\pater\\Pyt\\Courser\\src\\lib\\utils\\utils.ts": {"path":"C:\\Users\\pater\\Pyt\\Courser\\src\\lib\\utils\\utils.ts","statementMap":{"0":{"start":{"line":5,"column":2},"end":{"line":5,"column":null}},"1":{"start":{"line":9,"column":53},"end":{"line":30,"column":null}},"2":{"start":{"line":33,"column":31},"end":{"line":40,"column":null}},"3":{"start":{"line":44,"column":68},"end":{"line":51,"column":null}}},"fnMap":{"0":{"name":"cn","decl":{"start":{"line":4,"column":16},"end":{"line":4,"column":19}},"loc":{"start":{"line":4,"column":44},"end":{"line":6,"column":null}},"line":4}},"branchMap":{},"s":{"0":1,"1":1,"2":1,"3":1},"f":{"0":1},"b":{},"meta":{"lastBranch":0,"lastFunction":1,"lastStatement":4,"seen":{"f:4:16:4:19":0,"s:5:2:5:Infinity":0,"s:9:53:30:Infinity":1,"s:33:31:40:Infinity":2,"s:44:68:51:Infinity":3},"fnNames":{}}}
,"C:\\Users\\pater\\Pyt\\Courser\\src\\lib\\utils\\validations.ts": {"path":"C:\\Users\\pater\\Pyt\\Courser\\src\\lib\\utils\\validations.ts","statementMap":{"0":{"start":{"line":5,"column":36},"end":{"line":20,"column":null}},"1":{"start":{"line":23,"column":30},"end":{"line":30,"column":null}},"2":{"start":{"line":33,"column":35},"end":{"line":46,"column":null}},"3":{"start":{"line":49,"column":30},"end":{"line":52,"column":null}},"4":{"start":{"line":55,"column":36},"end":{"line":57,"column":null}},"5":{"start":{"line":60,"column":31},"end":{"line":64,"column":null}},"6":{"start":{"line":70,"column":2},"end":{"line":73,"column":null}}},"fnMap":{"0":{"name":"validationErrorResponse","decl":{"start":{"line":69,"column":16},"end":{"line":69,"column":40}},"loc":{"start":{"line":69,"column":86},"end":{"line":74,"column":null}},"line":69}},"branchMap":{},"s":{"0":3,"1":3,"2":3,"3":3,"4":3,"5":3,"6":0},"f":{"0":0},"b":{},"meta":{"lastBranch":0,"lastFunction":1,"lastStatement":7,"seen":{"s:5:36:20:Infinity":0,"s:23:30:30:Infinity":1,"s:33:35:46:Infinity":2,"s:49:30:52:Infinity":3,"s:55:36:57:Infinity":4,"s:60:31:64:Infinity":5,"f:69:16:69:40":0,"s:70:2:73:Infinity":6},"fnNames":{}}}
}
